{"/Users/samihamdalla/Desktop/swd_sp25/server/server.js": {"path":"/Users/samihamdalla/Desktop/swd_sp25/server/server.js","statementMap":{"0":{"start":{"line":1,"column":0},"end":{"line":1,"column":27}},"1":{"start":{"line":2,"column":16},"end":{"line":2,"column":34}},"2":{"start":{"line":3,"column":13},"end":{"line":3,"column":28}},"3":{"start":{"line":4,"column":20},"end":{"line":4,"column":56}},"4":{"start":{"line":5,"column":27},"end":{"line":5,"column":59}},"5":{"start":{"line":7,"column":12},"end":{"line":7,"column":21}},"6":{"start":{"line":10,"column":0},"end":{"line":10,"column":51}},"7":{"start":{"line":12,"column":0},"end":{"line":12,"column":24}},"8":{"start":{"line":14,"column":0},"end":{"line":14,"column":46}},"9":{"start":{"line":15,"column":0},"end":{"line":15,"column":49}},"10":{"start":{"line":17,"column":13},"end":{"line":17,"column":37}},"11":{"start":{"line":19,"column":0},"end":{"line":21,"column":1}},"12":{"start":{"line":20,"column":4},"end":{"line":20,"column":74}},"13":{"start":{"line":20,"column":27},"end":{"line":20,"column":72}},"14":{"start":{"line":23,"column":0},"end":{"line":23,"column":21}}},"fnMap":{"0":{"name":"(anonymous_0)","decl":{"start":{"line":20,"column":21},"end":{"line":20,"column":22}},"loc":{"start":{"line":20,"column":27},"end":{"line":20,"column":72}},"line":20}},"branchMap":{"0":{"loc":{"start":{"line":17,"column":13},"end":{"line":17,"column":37}},"type":"binary-expr","locations":[{"start":{"line":17,"column":13},"end":{"line":17,"column":29}},{"start":{"line":17,"column":33},"end":{"line":17,"column":37}}],"line":17},"1":{"loc":{"start":{"line":19,"column":0},"end":{"line":21,"column":1}},"type":"if","locations":[{"start":{"line":19,"column":0},"end":{"line":21,"column":1}},{"start":{},"end":{}}],"line":19}},"s":{"0":2,"1":2,"2":2,"3":2,"4":2,"5":2,"6":2,"7":2,"8":2,"9":2,"10":2,"11":2,"12":0,"13":0,"14":2},"f":{"0":0},"b":{"0":[2,2],"1":[0,2]},"_coverageSchema":"1a1c01bbd47fc00a2c39e90264f33305004495a9","hash":"5ca2a4a6d21ed88c08fc7426b3f1caffb354dd93"}
,"/Users/samihamdalla/Desktop/swd_sp25/server/controllers/adminProfile.js": {"path":"/Users/samihamdalla/Desktop/swd_sp25/server/controllers/adminProfile.js","statementMap":{"0":{"start":{"line":1,"column":16},"end":{"line":9,"column":3}},"1":{"start":{"line":11,"column":26},"end":{"line":13,"column":3}},"2":{"start":{"line":12,"column":4},"end":{"line":12,"column":24}},"3":{"start":{"line":15,"column":29},"end":{"line":25,"column":3}},"4":{"start":{"line":16,"column":73},"end":{"line":16,"column":81}},"5":{"start":{"line":18,"column":4},"end":{"line":18,"column":48}},"6":{"start":{"line":18,"column":18},"end":{"line":18,"column":48}},"7":{"start":{"line":19,"column":4},"end":{"line":19,"column":39}},"8":{"start":{"line":19,"column":15},"end":{"line":19,"column":39}},"9":{"start":{"line":20,"column":4},"end":{"line":20,"column":39}},"10":{"start":{"line":20,"column":15},"end":{"line":20,"column":39}},"11":{"start":{"line":21,"column":4},"end":{"line":21,"column":72}},"12":{"start":{"line":21,"column":26},"end":{"line":21,"column":72}},"13":{"start":{"line":22,"column":4},"end":{"line":22,"column":66}},"14":{"start":{"line":22,"column":24},"end":{"line":22,"column":66}},"15":{"start":{"line":24,"column":4},"end":{"line":24,"column":24}},"16":{"start":{"line":27,"column":2},"end":{"line":30,"column":4}}},"fnMap":{"0":{"name":"(anonymous_0)","decl":{"start":{"line":11,"column":26},"end":{"line":11,"column":27}},"loc":{"start":{"line":11,"column":40},"end":{"line":13,"column":3}},"line":11},"1":{"name":"(anonymous_1)","decl":{"start":{"line":15,"column":29},"end":{"line":15,"column":30}},"loc":{"start":{"line":15,"column":43},"end":{"line":25,"column":3}},"line":15}},"branchMap":{"0":{"loc":{"start":{"line":18,"column":4},"end":{"line":18,"column":48}},"type":"if","locations":[{"start":{"line":18,"column":4},"end":{"line":18,"column":48}},{"start":{},"end":{}}],"line":18},"1":{"loc":{"start":{"line":19,"column":4},"end":{"line":19,"column":39}},"type":"if","locations":[{"start":{"line":19,"column":4},"end":{"line":19,"column":39}},{"start":{},"end":{}}],"line":19},"2":{"loc":{"start":{"line":20,"column":4},"end":{"line":20,"column":39}},"type":"if","locations":[{"start":{"line":20,"column":4},"end":{"line":20,"column":39}},{"start":{},"end":{}}],"line":20},"3":{"loc":{"start":{"line":21,"column":4},"end":{"line":21,"column":72}},"type":"if","locations":[{"start":{"line":21,"column":4},"end":{"line":21,"column":72}},{"start":{},"end":{}}],"line":21},"4":{"loc":{"start":{"line":22,"column":4},"end":{"line":22,"column":66}},"type":"if","locations":[{"start":{"line":22,"column":4},"end":{"line":22,"column":66}},{"start":{},"end":{}}],"line":22}},"s":{"0":2,"1":2,"2":1,"3":2,"4":1,"5":1,"6":1,"7":1,"8":1,"9":1,"10":1,"11":1,"12":1,"13":1,"14":1,"15":1,"16":2},"f":{"0":1,"1":1},"b":{"0":[1,0],"1":[1,0],"2":[1,0],"3":[1,0],"4":[1,0]},"_coverageSchema":"1a1c01bbd47fc00a2c39e90264f33305004495a9","hash":"2be5dc1e8b54de935009275c79f0dfe12bfc60f7"}
,"/Users/samihamdalla/Desktop/swd_sp25/server/controllers/volunteerHistory.js": {"path":"/Users/samihamdalla/Desktop/swd_sp25/server/controllers/volunteerHistory.js","statementMap":{"0":{"start":{"line":1,"column":13},"end":{"line":34,"column":1}},"1":{"start":{"line":37,"column":28},"end":{"line":39,"column":1}},"2":{"start":{"line":38,"column":2},"end":{"line":38,"column":19}},"3":{"start":{"line":42,"column":17},"end":{"line":59,"column":1}},"4":{"start":{"line":43,"column":81},"end":{"line":43,"column":89}},"5":{"start":{"line":44,"column":19},"end":{"line":55,"column":3}},"6":{"start":{"line":57,"column":2},"end":{"line":57,"column":24}},"7":{"start":{"line":58,"column":2},"end":{"line":58,"column":33}},"8":{"start":{"line":62,"column":18},"end":{"line":68,"column":1}},"9":{"start":{"line":63,"column":29},"end":{"line":65,"column":29}},"10":{"start":{"line":64,"column":21},"end":{"line":64,"column":62}},"11":{"start":{"line":65,"column":18},"end":{"line":65,"column":28}},"12":{"start":{"line":67,"column":2},"end":{"line":67,"column":31}},"13":{"start":{"line":71,"column":22},"end":{"line":80,"column":1}},"14":{"start":{"line":72,"column":22},"end":{"line":77,"column":3}},"15":{"start":{"line":73,"column":4},"end":{"line":76,"column":7}},"16":{"start":{"line":73,"column":39},"end":{"line":76,"column":5}},"17":{"start":{"line":79,"column":2},"end":{"line":79,"column":26}},"18":{"start":{"line":83,"column":28},"end":{"line":99,"column":1}},"19":{"start":{"line":84,"column":53},"end":{"line":84,"column":61}},"20":{"start":{"line":86,"column":16},"end":{"line":86,"column":58}},"21":{"start":{"line":86,"column":37},"end":{"line":86,"column":57}},"22":{"start":{"line":87,"column":2},"end":{"line":89,"column":3}},"23":{"start":{"line":88,"column":4},"end":{"line":88,"column":64}},"24":{"start":{"line":91,"column":23},"end":{"line":95,"column":3}},"25":{"start":{"line":97,"column":2},"end":{"line":97,"column":38}},"26":{"start":{"line":98,"column":2},"end":{"line":98,"column":37}},"27":{"start":{"line":101,"column":0},"end":{"line":101,"column":98}}},"fnMap":{"0":{"name":"(anonymous_0)","decl":{"start":{"line":37,"column":28},"end":{"line":37,"column":29}},"loc":{"start":{"line":37,"column":42},"end":{"line":39,"column":1}},"line":37},"1":{"name":"(anonymous_1)","decl":{"start":{"line":42,"column":17},"end":{"line":42,"column":18}},"loc":{"start":{"line":42,"column":31},"end":{"line":59,"column":1}},"line":42},"2":{"name":"(anonymous_2)","decl":{"start":{"line":62,"column":18},"end":{"line":62,"column":19}},"loc":{"start":{"line":62,"column":32},"end":{"line":68,"column":1}},"line":62},"3":{"name":"(anonymous_3)","decl":{"start":{"line":64,"column":12},"end":{"line":64,"column":13}},"loc":{"start":{"line":64,"column":21},"end":{"line":64,"column":62}},"line":64},"4":{"name":"(anonymous_4)","decl":{"start":{"line":65,"column":9},"end":{"line":65,"column":10}},"loc":{"start":{"line":65,"column":18},"end":{"line":65,"column":28}},"line":65},"5":{"name":"(anonymous_5)","decl":{"start":{"line":71,"column":22},"end":{"line":71,"column":23}},"loc":{"start":{"line":71,"column":36},"end":{"line":80,"column":1}},"line":71},"6":{"name":"(anonymous_6)","decl":{"start":{"line":72,"column":37},"end":{"line":72,"column":38}},"loc":{"start":{"line":73,"column":4},"end":{"line":76,"column":7}},"line":73},"7":{"name":"(anonymous_7)","decl":{"start":{"line":73,"column":25},"end":{"line":73,"column":26}},"loc":{"start":{"line":73,"column":39},"end":{"line":76,"column":5}},"line":73},"8":{"name":"(anonymous_8)","decl":{"start":{"line":83,"column":28},"end":{"line":83,"column":29}},"loc":{"start":{"line":83,"column":42},"end":{"line":99,"column":1}},"line":83},"9":{"name":"(anonymous_9)","decl":{"start":{"line":86,"column":28},"end":{"line":86,"column":29}},"loc":{"start":{"line":86,"column":37},"end":{"line":86,"column":57}},"line":86}},"branchMap":{"0":{"loc":{"start":{"line":87,"column":2},"end":{"line":89,"column":3}},"type":"if","locations":[{"start":{"line":87,"column":2},"end":{"line":89,"column":3}},{"start":{},"end":{}}],"line":87}},"s":{"0":2,"1":2,"2":1,"3":2,"4":2,"5":2,"6":2,"7":2,"8":2,"9":0,"10":0,"11":0,"12":0,"13":2,"14":1,"15":3,"16":6,"17":1,"18":2,"19":1,"20":1,"21":4,"22":1,"23":0,"24":1,"25":1,"26":1,"27":2},"f":{"0":1,"1":2,"2":0,"3":0,"4":0,"5":1,"6":3,"7":6,"8":1,"9":4},"b":{"0":[0,1]},"_coverageSchema":"1a1c01bbd47fc00a2c39e90264f33305004495a9","hash":"e5ceb0ae15539faed995aa8852b675d5f1da38d7"}
,"/Users/samihamdalla/Desktop/swd_sp25/server/middleware/validateAdminProfile.js": {"path":"/Users/samihamdalla/Desktop/swd_sp25/server/middleware/validateAdminProfile.js","statementMap":{"0":{"start":{"line":1,"column":29},"end":{"line":26,"column":3}},"1":{"start":{"line":2,"column":39},"end":{"line":2,"column":47}},"2":{"start":{"line":3,"column":19},"end":{"line":3,"column":21}},"3":{"start":{"line":5,"column":4},"end":{"line":7,"column":5}},"4":{"start":{"line":6,"column":6},"end":{"line":6,"column":43}},"5":{"start":{"line":9,"column":23},"end":{"line":9,"column":51}},"6":{"start":{"line":10,"column":4},"end":{"line":12,"column":5}},"7":{"start":{"line":11,"column":6},"end":{"line":11,"column":45}},"8":{"start":{"line":14,"column":4},"end":{"line":19,"column":5}},"9":{"start":{"line":15,"column":25},"end":{"line":15,"column":46}},"10":{"start":{"line":16,"column":6},"end":{"line":18,"column":7}},"11":{"start":{"line":17,"column":8},"end":{"line":17,"column":69}},"12":{"start":{"line":21,"column":4},"end":{"line":23,"column":5}},"13":{"start":{"line":22,"column":6},"end":{"line":22,"column":46}},"14":{"start":{"line":25,"column":4},"end":{"line":25,"column":11}},"15":{"start":{"line":28,"column":2},"end":{"line":28,"column":44}}},"fnMap":{"0":{"name":"(anonymous_0)","decl":{"start":{"line":1,"column":29},"end":{"line":1,"column":30}},"loc":{"start":{"line":1,"column":49},"end":{"line":26,"column":3}},"line":1}},"branchMap":{"0":{"loc":{"start":{"line":5,"column":4},"end":{"line":7,"column":5}},"type":"if","locations":[{"start":{"line":5,"column":4},"end":{"line":7,"column":5}},{"start":{},"end":{}}],"line":5},"1":{"loc":{"start":{"line":5,"column":8},"end":{"line":5,"column":43}},"type":"binary-expr","locations":[{"start":{"line":5,"column":8},"end":{"line":5,"column":17}},{"start":{"line":5,"column":21},"end":{"line":5,"column":43}}],"line":5},"2":{"loc":{"start":{"line":10,"column":4},"end":{"line":12,"column":5}},"type":"if","locations":[{"start":{"line":10,"column":4},"end":{"line":12,"column":5}},{"start":{},"end":{}}],"line":10},"3":{"loc":{"start":{"line":10,"column":8},"end":{"line":10,"column":41}},"type":"binary-expr","locations":[{"start":{"line":10,"column":8},"end":{"line":10,"column":14}},{"start":{"line":10,"column":18},"end":{"line":10,"column":41}}],"line":10},"4":{"loc":{"start":{"line":14,"column":4},"end":{"line":19,"column":5}},"type":"if","locations":[{"start":{"line":14,"column":4},"end":{"line":19,"column":5}},{"start":{},"end":{}}],"line":14},"5":{"loc":{"start":{"line":16,"column":6},"end":{"line":18,"column":7}},"type":"if","locations":[{"start":{"line":16,"column":6},"end":{"line":18,"column":7}},{"start":{},"end":{}}],"line":16},"6":{"loc":{"start":{"line":21,"column":4},"end":{"line":23,"column":5}},"type":"if","locations":[{"start":{"line":21,"column":4},"end":{"line":23,"column":5}},{"start":{},"end":{}}],"line":21}},"s":{"0":2,"1":2,"2":2,"3":2,"4":1,"5":2,"6":2,"7":1,"8":2,"9":1,"10":1,"11":0,"12":2,"13":1,"14":1,"15":2},"f":{"0":2},"b":{"0":[1,1],"1":[2,1],"2":[1,1],"3":[2,2],"4":[1,1],"5":[0,1],"6":[1,1]},"_coverageSchema":"1a1c01bbd47fc00a2c39e90264f33305004495a9","hash":"480b94ad5177cbe4ccf18b1fe27fff409cef7742"}
,"/Users/samihamdalla/Desktop/swd_sp25/server/middleware/validateVolunteerHistory.js": {"path":"/Users/samihamdalla/Desktop/swd_sp25/server/middleware/validateVolunteerHistory.js","statementMap":{"0":{"start":{"line":1,"column":33},"end":{"line":13,"column":3}},"1":{"start":{"line":2,"column":83},"end":{"line":2,"column":91}},"2":{"start":{"line":4,"column":4},"end":{"line":6,"column":5}},"3":{"start":{"line":5,"column":6},"end":{"line":5,"column":74}},"4":{"start":{"line":8,"column":4},"end":{"line":10,"column":5}},"5":{"start":{"line":9,"column":6},"end":{"line":9,"column":84}},"6":{"start":{"line":12,"column":4},"end":{"line":12,"column":11}},"7":{"start":{"line":15,"column":2},"end":{"line":15,"column":48}}},"fnMap":{"0":{"name":"(anonymous_0)","decl":{"start":{"line":1,"column":33},"end":{"line":1,"column":34}},"loc":{"start":{"line":1,"column":53},"end":{"line":13,"column":3}},"line":1}},"branchMap":{"0":{"loc":{"start":{"line":4,"column":4},"end":{"line":6,"column":5}},"type":"if","locations":[{"start":{"line":4,"column":4},"end":{"line":6,"column":5}},{"start":{},"end":{}}],"line":4},"1":{"loc":{"start":{"line":4,"column":8},"end":{"line":4,"column":80}},"type":"binary-expr","locations":[{"start":{"line":4,"column":8},"end":{"line":4,"column":13}},{"start":{"line":4,"column":17},"end":{"line":4,"column":22}},{"start":{"line":4,"column":26},"end":{"line":4,"column":31}},{"start":{"line":4,"column":35},"end":{"line":4,"column":41}},{"start":{"line":4,"column":45},"end":{"line":4,"column":53}},{"start":{"line":4,"column":57},"end":{"line":4,"column":64}},{"start":{"line":4,"column":68},"end":{"line":4,"column":80}}],"line":4},"2":{"loc":{"start":{"line":8,"column":4},"end":{"line":10,"column":5}},"type":"if","locations":[{"start":{"line":8,"column":4},"end":{"line":10,"column":5}},{"start":{},"end":{}}],"line":8}},"s":{"0":2,"1":3,"2":3,"3":1,"4":2,"5":0,"6":2,"7":2},"f":{"0":3},"b":{"0":[1,2],"1":[3,3,2,2,2,2,2],"2":[0,2]},"_coverageSchema":"1a1c01bbd47fc00a2c39e90264f33305004495a9","hash":"a48eefdffcbd7e717476c001f260bf06ab6c4465"}
,"/Users/samihamdalla/Desktop/swd_sp25/server/routes/adminProfile.js": {"path":"/Users/samihamdalla/Desktop/swd_sp25/server/routes/adminProfile.js","statementMap":{"0":{"start":{"line":1,"column":16},"end":{"line":1,"column":34}},"1":{"start":{"line":2,"column":48},"end":{"line":2,"column":86}},"2":{"start":{"line":3,"column":33},"end":{"line":3,"column":78}},"3":{"start":{"line":5,"column":15},"end":{"line":5,"column":31}},"4":{"start":{"line":7,"column":0},"end":{"line":7,"column":33}},"5":{"start":{"line":9,"column":0},"end":{"line":9,"column":58}},"6":{"start":{"line":11,"column":0},"end":{"line":11,"column":24}}},"fnMap":{},"branchMap":{},"s":{"0":2,"1":2,"2":2,"3":2,"4":2,"5":2,"6":2},"f":{},"b":{},"_coverageSchema":"1a1c01bbd47fc00a2c39e90264f33305004495a9","hash":"fec71b3e851a5c2cb9612771cdad9ad0c8be92ff"}
,"/Users/samihamdalla/Desktop/swd_sp25/server/routes/volunteerHistory.js": {"path":"/Users/samihamdalla/Desktop/swd_sp25/server/routes/volunteerHistory.js","statementMap":{"0":{"start":{"line":1,"column":16},"end":{"line":1,"column":34}},"1":{"start":{"line":2,"column":89},"end":{"line":2,"column":131}},"2":{"start":{"line":3,"column":37},"end":{"line":3,"column":86}},"3":{"start":{"line":5,"column":15},"end":{"line":5,"column":31}},"4":{"start":{"line":8,"column":0},"end":{"line":8,"column":37}},"5":{"start":{"line":11,"column":0},"end":{"line":11,"column":35}},"6":{"start":{"line":14,"column":0},"end":{"line":14,"column":41}},"7":{"start":{"line":17,"column":0},"end":{"line":17,"column":53}},"8":{"start":{"line":20,"column":0},"end":{"line":20,"column":50}},"9":{"start":{"line":22,"column":0},"end":{"line":22,"column":24}}},"fnMap":{},"branchMap":{},"s":{"0":2,"1":2,"2":2,"3":2,"4":2,"5":2,"6":2,"7":2,"8":2,"9":2},"f":{},"b":{},"_coverageSchema":"1a1c01bbd47fc00a2c39e90264f33305004495a9","hash":"71621a6d0ff06f0b2c1faca1b5c320c52c9853b6"}
}
