{"C:\\Users\\diana\\Documents\\Current Classes\\Software Design - COSC 4354\\Project\\4353-Group11-SP25\\server\\server.js": {"path":"C:\\Users\\diana\\Documents\\Current Classes\\Software Design - COSC 4354\\Project\\4353-Group11-SP25\\server\\server.js","statementMap":{"0":{"start":{"line":1,"column":0},"end":{"line":1,"column":27}},"1":{"start":{"line":2,"column":16},"end":{"line":2,"column":34}},"2":{"start":{"line":3,"column":13},"end":{"line":3,"column":28}},"3":{"start":{"line":4,"column":20},"end":{"line":4,"column":52}},"4":{"start":{"line":5,"column":27},"end":{"line":5,"column":59}},"5":{"start":{"line":6,"column":27},"end":{"line":6,"column":60}},"6":{"start":{"line":7,"column":35},"end":{"line":7,"column":81}},"7":{"start":{"line":8,"column":19},"end":{"line":8,"column":49}},"8":{"start":{"line":9,"column":28},"end":{"line":9,"column":64}},"9":{"start":{"line":10,"column":12},"end":{"line":10,"column":21}},"10":{"start":{"line":13,"column":0},"end":{"line":13,"column":79}},"11":{"start":{"line":15,"column":0},"end":{"line":15,"column":24}},"12":{"start":{"line":17,"column":0},"end":{"line":17,"column":36}},"13":{"start":{"line":18,"column":0},"end":{"line":18,"column":49}},"14":{"start":{"line":19,"column":0},"end":{"line":19,"column":50}},"15":{"start":{"line":20,"column":0},"end":{"line":20,"column":65}},"16":{"start":{"line":21,"column":0},"end":{"line":21,"column":33}},"17":{"start":{"line":22,"column":0},"end":{"line":22,"column":54}},"18":{"start":{"line":24,"column":13},"end":{"line":24,"column":37}},"19":{"start":{"line":26,"column":0},"end":{"line":28,"column":1}},"20":{"start":{"line":27,"column":4},"end":{"line":27,"column":74}},"21":{"start":{"line":27,"column":27},"end":{"line":27,"column":72}},"22":{"start":{"line":30,"column":0},"end":{"line":30,"column":21}}},"fnMap":{"0":{"name":"(anonymous_0)","decl":{"start":{"line":27,"column":21},"end":{"line":27,"column":22}},"loc":{"start":{"line":27,"column":27},"end":{"line":27,"column":72}},"line":27}},"branchMap":{"0":{"loc":{"start":{"line":24,"column":13},"end":{"line":24,"column":37}},"type":"binary-expr","locations":[{"start":{"line":24,"column":13},"end":{"line":24,"column":29}},{"start":{"line":24,"column":33},"end":{"line":24,"column":37}}],"line":24},"1":{"loc":{"start":{"line":26,"column":0},"end":{"line":28,"column":1}},"type":"if","locations":[{"start":{"line":26,"column":0},"end":{"line":28,"column":1}},{"start":{},"end":{}}],"line":26}},"s":{"0":5,"1":5,"2":5,"3":5,"4":5,"5":5,"6":5,"7":5,"8":5,"9":5,"10":5,"11":5,"12":5,"13":5,"14":5,"15":5,"16":5,"17":5,"18":5,"19":5,"20":0,"21":0,"22":5},"f":{"0":0},"b":{"0":[5,5],"1":[0,5]},"_coverageSchema":"1a1c01bbd47fc00a2c39e90264f33305004495a9","hash":"0be954750085a8ed9f94e7fc1356bc96e6eab191"}
,"C:\\Users\\diana\\Documents\\Current Classes\\Software Design - COSC 4354\\Project\\4353-Group11-SP25\\server\\controllers\\adminProfile.js": {"path":"C:\\Users\\diana\\Documents\\Current Classes\\Software Design - COSC 4354\\Project\\4353-Group11-SP25\\server\\controllers\\adminProfile.js","statementMap":{"0":{"start":{"line":1,"column":16},"end":{"line":9,"column":3}},"1":{"start":{"line":11,"column":26},"end":{"line":13,"column":3}},"2":{"start":{"line":12,"column":4},"end":{"line":12,"column":24}},"3":{"start":{"line":15,"column":29},"end":{"line":25,"column":3}},"4":{"start":{"line":16,"column":73},"end":{"line":16,"column":81}},"5":{"start":{"line":18,"column":4},"end":{"line":18,"column":48}},"6":{"start":{"line":18,"column":18},"end":{"line":18,"column":48}},"7":{"start":{"line":19,"column":4},"end":{"line":19,"column":39}},"8":{"start":{"line":19,"column":15},"end":{"line":19,"column":39}},"9":{"start":{"line":20,"column":4},"end":{"line":20,"column":39}},"10":{"start":{"line":20,"column":15},"end":{"line":20,"column":39}},"11":{"start":{"line":21,"column":4},"end":{"line":21,"column":72}},"12":{"start":{"line":21,"column":26},"end":{"line":21,"column":72}},"13":{"start":{"line":22,"column":4},"end":{"line":22,"column":66}},"14":{"start":{"line":22,"column":24},"end":{"line":22,"column":66}},"15":{"start":{"line":24,"column":4},"end":{"line":24,"column":24}},"16":{"start":{"line":27,"column":2},"end":{"line":30,"column":4}}},"fnMap":{"0":{"name":"(anonymous_0)","decl":{"start":{"line":11,"column":26},"end":{"line":11,"column":27}},"loc":{"start":{"line":11,"column":40},"end":{"line":13,"column":3}},"line":11},"1":{"name":"(anonymous_1)","decl":{"start":{"line":15,"column":29},"end":{"line":15,"column":30}},"loc":{"start":{"line":15,"column":43},"end":{"line":25,"column":3}},"line":15}},"branchMap":{"0":{"loc":{"start":{"line":18,"column":4},"end":{"line":18,"column":48}},"type":"if","locations":[{"start":{"line":18,"column":4},"end":{"line":18,"column":48}},{"start":{},"end":{}}],"line":18},"1":{"loc":{"start":{"line":19,"column":4},"end":{"line":19,"column":39}},"type":"if","locations":[{"start":{"line":19,"column":4},"end":{"line":19,"column":39}},{"start":{},"end":{}}],"line":19},"2":{"loc":{"start":{"line":20,"column":4},"end":{"line":20,"column":39}},"type":"if","locations":[{"start":{"line":20,"column":4},"end":{"line":20,"column":39}},{"start":{},"end":{}}],"line":20},"3":{"loc":{"start":{"line":21,"column":4},"end":{"line":21,"column":72}},"type":"if","locations":[{"start":{"line":21,"column":4},"end":{"line":21,"column":72}},{"start":{},"end":{}}],"line":21},"4":{"loc":{"start":{"line":22,"column":4},"end":{"line":22,"column":66}},"type":"if","locations":[{"start":{"line":22,"column":4},"end":{"line":22,"column":66}},{"start":{},"end":{}}],"line":22}},"s":{"0":5,"1":5,"2":1,"3":5,"4":1,"5":1,"6":1,"7":1,"8":1,"9":1,"10":1,"11":1,"12":1,"13":1,"14":1,"15":1,"16":5},"f":{"0":1,"1":1},"b":{"0":[1,0],"1":[1,0],"2":[1,0],"3":[1,0],"4":[1,0]},"_coverageSchema":"1a1c01bbd47fc00a2c39e90264f33305004495a9","hash":"d075a6bcee654ef1d3eccff8df331ed7a409de5c"}
,"C:\\Users\\diana\\Documents\\Current Classes\\Software Design - COSC 4354\\Project\\4353-Group11-SP25\\server\\controllers\\authController.js": {"path":"C:\\Users\\diana\\Documents\\Current Classes\\Software Design - COSC 4354\\Project\\4353-Group11-SP25\\server\\controllers\\authController.js","statementMap":{"0":{"start":{"line":1,"column":11},"end":{"line":1,"column":24}},"1":{"start":{"line":2,"column":13},"end":{"line":2,"column":28}},"2":{"start":{"line":4,"column":22},"end":{"line":4,"column":56}},"3":{"start":{"line":6,"column":12},"end":{"line":6,"column":14}},"4":{"start":{"line":7,"column":17},"end":{"line":7,"column":18}},"5":{"start":{"line":9,"column":0},"end":{"line":15,"column":1}},"6":{"start":{"line":10,"column":15},"end":{"line":10,"column":54}},"7":{"start":{"line":11,"column":2},"end":{"line":11,"column":27}},"8":{"start":{"line":13,"column":18},"end":{"line":13,"column":62}},"9":{"start":{"line":13,"column":48},"end":{"line":13,"column":61}},"10":{"start":{"line":14,"column":2},"end":{"line":14,"column":65}},"11":{"start":{"line":17,"column":24},"end":{"line":19,"column":1}},"12":{"start":{"line":18,"column":2},"end":{"line":18,"column":66}},"13":{"start":{"line":21,"column":22},"end":{"line":24,"column":1}},"14":{"start":{"line":22,"column":21},"end":{"line":22,"column":49}},"15":{"start":{"line":23,"column":2},"end":{"line":23,"column":32}},"16":{"start":{"line":26,"column":25},"end":{"line":29,"column":1}},"17":{"start":{"line":27,"column":24},"end":{"line":27,"column":72}},"18":{"start":{"line":28,"column":2},"end":{"line":28,"column":38}},"19":{"start":{"line":31,"column":24},"end":{"line":33,"column":1}},"20":{"start":{"line":32,"column":2},"end":{"line":32,"column":65}},"21":{"start":{"line":32,"column":43},"end":{"line":32,"column":63}},"22":{"start":{"line":35,"column":15},"end":{"line":79,"column":1}},"23":{"start":{"line":36,"column":53},"end":{"line":36,"column":61}},"24":{"start":{"line":38,"column":2},"end":{"line":78,"column":3}},"25":{"start":{"line":39,"column":4},"end":{"line":41,"column":5}},"26":{"start":{"line":40,"column":6},"end":{"line":40,"column":72}},"27":{"start":{"line":43,"column":4},"end":{"line":45,"column":5}},"28":{"start":{"line":44,"column":6},"end":{"line":44,"column":69}},"29":{"start":{"line":47,"column":4},"end":{"line":49,"column":5}},"30":{"start":{"line":48,"column":6},"end":{"line":48,"column":69}},"31":{"start":{"line":51,"column":4},"end":{"line":55,"column":5}},"32":{"start":{"line":52,"column":6},"end":{"line":54,"column":9}},"33":{"start":{"line":57,"column":4},"end":{"line":59,"column":5}},"34":{"start":{"line":58,"column":6},"end":{"line":58,"column":71}},"35":{"start":{"line":61,"column":20},"end":{"line":66,"column":5}},"36":{"start":{"line":68,"column":4},"end":{"line":68,"column":41}},"37":{"start":{"line":70,"column":4},"end":{"line":70,"column":22}},"38":{"start":{"line":72,"column":4},"end":{"line":75,"column":7}},"39":{"start":{"line":77,"column":4},"end":{"line":77,"column":51}},"40":{"start":{"line":81,"column":14},"end":{"line":113,"column":1}},"41":{"start":{"line":82,"column":30},"end":{"line":82,"column":38}},"42":{"start":{"line":84,"column":2},"end":{"line":112,"column":3}},"43":{"start":{"line":85,"column":4},"end":{"line":87,"column":5}},"44":{"start":{"line":86,"column":6},"end":{"line":86,"column":80}},"45":{"start":{"line":89,"column":4},"end":{"line":91,"column":5}},"46":{"start":{"line":90,"column":6},"end":{"line":90,"column":69}},"47":{"start":{"line":93,"column":17},"end":{"line":93,"column":39}},"48":{"start":{"line":95,"column":4},"end":{"line":97,"column":5}},"49":{"start":{"line":96,"column":6},"end":{"line":96,"column":68}},"50":{"start":{"line":99,"column":23},"end":{"line":99,"column":43}},"51":{"start":{"line":100,"column":4},"end":{"line":102,"column":5}},"52":{"start":{"line":101,"column":6},"end":{"line":101,"column":38}},"53":{"start":{"line":104,"column":4},"end":{"line":109,"column":7}},"54":{"start":{"line":111,"column":4},"end":{"line":111,"column":52}},"55":{"start":{"line":115,"column":0},"end":{"line":119,"column":2}}},"fnMap":{"0":{"name":"(anonymous_0)","decl":{"start":{"line":13,"column":41},"end":{"line":13,"column":42}},"loc":{"start":{"line":13,"column":48},"end":{"line":13,"column":61}},"line":13},"1":{"name":"(anonymous_1)","decl":{"start":{"line":17,"column":24},"end":{"line":17,"column":25}},"loc":{"start":{"line":17,"column":30},"end":{"line":19,"column":1}},"line":17},"2":{"name":"(anonymous_2)","decl":{"start":{"line":21,"column":22},"end":{"line":21,"column":23}},"loc":{"start":{"line":21,"column":33},"end":{"line":24,"column":1}},"line":21},"3":{"name":"(anonymous_3)","decl":{"start":{"line":26,"column":25},"end":{"line":26,"column":26}},"loc":{"start":{"line":26,"column":39},"end":{"line":29,"column":1}},"line":26},"4":{"name":"(anonymous_4)","decl":{"start":{"line":31,"column":24},"end":{"line":31,"column":25}},"loc":{"start":{"line":31,"column":35},"end":{"line":33,"column":1}},"line":31},"5":{"name":"(anonymous_5)","decl":{"start":{"line":32,"column":35},"end":{"line":32,"column":36}},"loc":{"start":{"line":32,"column":43},"end":{"line":32,"column":63}},"line":32},"6":{"name":"(anonymous_6)","decl":{"start":{"line":35,"column":15},"end":{"line":35,"column":16}},"loc":{"start":{"line":35,"column":29},"end":{"line":79,"column":1}},"line":35},"7":{"name":"(anonymous_7)","decl":{"start":{"line":81,"column":14},"end":{"line":81,"column":15}},"loc":{"start":{"line":81,"column":28},"end":{"line":113,"column":1}},"line":81}},"branchMap":{"0":{"loc":{"start":{"line":9,"column":0},"end":{"line":15,"column":1}},"type":"if","locations":[{"start":{"line":9,"column":0},"end":{"line":15,"column":1}},{"start":{},"end":{}}],"line":9},"1":{"loc":{"start":{"line":14,"column":15},"end":{"line":14,"column":64}},"type":"cond-expr","locations":[{"start":{"line":14,"column":36},"end":{"line":14,"column":60}},{"start":{"line":14,"column":63},"end":{"line":14,"column":64}}],"line":14},"2":{"loc":{"start":{"line":39,"column":4},"end":{"line":41,"column":5}},"type":"if","locations":[{"start":{"line":39,"column":4},"end":{"line":41,"column":5}},{"start":{},"end":{}}],"line":39},"3":{"loc":{"start":{"line":39,"column":8},"end":{"line":39,"column":47}},"type":"binary-expr","locations":[{"start":{"line":39,"column":8},"end":{"line":39,"column":14}},{"start":{"line":39,"column":18},"end":{"line":39,"column":27}},{"start":{"line":39,"column":31},"end":{"line":39,"column":47}}],"line":39},"4":{"loc":{"start":{"line":43,"column":4},"end":{"line":45,"column":5}},"type":"if","locations":[{"start":{"line":43,"column":4},"end":{"line":45,"column":5}},{"start":{},"end":{}}],"line":43},"5":{"loc":{"start":{"line":47,"column":4},"end":{"line":49,"column":5}},"type":"if","locations":[{"start":{"line":47,"column":4},"end":{"line":49,"column":5}},{"start":{},"end":{}}],"line":47},"6":{"loc":{"start":{"line":51,"column":4},"end":{"line":55,"column":5}},"type":"if","locations":[{"start":{"line":51,"column":4},"end":{"line":55,"column":5}},{"start":{},"end":{}}],"line":51},"7":{"loc":{"start":{"line":57,"column":4},"end":{"line":59,"column":5}},"type":"if","locations":[{"start":{"line":57,"column":4},"end":{"line":59,"column":5}},{"start":{},"end":{}}],"line":57},"8":{"loc":{"start":{"line":65,"column":12},"end":{"line":65,"column":26}},"type":"binary-expr","locations":[{"start":{"line":65,"column":12},"end":{"line":65,"column":16}},{"start":{"line":65,"column":20},"end":{"line":65,"column":26}}],"line":65},"9":{"loc":{"start":{"line":85,"column":4},"end":{"line":87,"column":5}},"type":"if","locations":[{"start":{"line":85,"column":4},"end":{"line":87,"column":5}},{"start":{},"end":{}}],"line":85},"10":{"loc":{"start":{"line":85,"column":8},"end":{"line":85,"column":27}},"type":"binary-expr","locations":[{"start":{"line":85,"column":8},"end":{"line":85,"column":14}},{"start":{"line":85,"column":18},"end":{"line":85,"column":27}}],"line":85},"11":{"loc":{"start":{"line":89,"column":4},"end":{"line":91,"column":5}},"type":"if","locations":[{"start":{"line":89,"column":4},"end":{"line":91,"column":5}},{"start":{},"end":{}}],"line":89},"12":{"loc":{"start":{"line":95,"column":4},"end":{"line":97,"column":5}},"type":"if","locations":[{"start":{"line":95,"column":4},"end":{"line":97,"column":5}},{"start":{},"end":{}}],"line":95},"13":{"loc":{"start":{"line":95,"column":8},"end":{"line":95,"column":43}},"type":"binary-expr","locations":[{"start":{"line":95,"column":8},"end":{"line":95,"column":13}},{"start":{"line":95,"column":17},"end":{"line":95,"column":43}}],"line":95},"14":{"loc":{"start":{"line":100,"column":4},"end":{"line":102,"column":5}},"type":"if","locations":[{"start":{"line":100,"column":4},"end":{"line":102,"column":5}},{"start":{},"end":{}}],"line":100}},"s":{"0":5,"1":5,"2":5,"3":5,"4":5,"5":5,"6":5,"7":5,"8":5,"9":30,"10":5,"11":5,"12":0,"13":5,"14":0,"15":0,"16":5,"17":0,"18":0,"19":5,"20":0,"21":0,"22":5,"23":0,"24":0,"25":0,"26":0,"27":0,"28":0,"29":0,"30":0,"31":0,"32":0,"33":0,"34":0,"35":0,"36":0,"37":0,"38":0,"39":0,"40":5,"41":0,"42":0,"43":0,"44":0,"45":0,"46":0,"47":0,"48":0,"49":0,"50":0,"51":0,"52":0,"53":0,"54":0,"55":5},"f":{"0":30,"1":0,"2":0,"3":0,"4":0,"5":0,"6":0,"7":0},"b":{"0":[5,0],"1":[5,0],"2":[0,0],"3":[0,0,0],"4":[0,0],"5":[0,0],"6":[0,0],"7":[0,0],"8":[0,0],"9":[0,0],"10":[0,0],"11":[0,0],"12":[0,0],"13":[0,0],"14":[0,0]},"_coverageSchema":"1a1c01bbd47fc00a2c39e90264f33305004495a9","hash":"720d7e92c549d3ba2311caa0842cd1af8bb564b9"}
,"C:\\Users\\diana\\Documents\\Current Classes\\Software Design - COSC 4354\\Project\\4353-Group11-SP25\\server\\controllers\\eventsController.js": {"path":"C:\\Users\\diana\\Documents\\Current Classes\\Software Design - COSC 4354\\Project\\4353-Group11-SP25\\server\\controllers\\eventsController.js","statementMap":{"0":{"start":{"line":1,"column":13},"end":{"line":36,"column":1}},"1":{"start":{"line":44,"column":28},"end":{"line":46,"column":1}},"2":{"start":{"line":45,"column":2},"end":{"line":45,"column":19}},"3":{"start":{"line":49,"column":17},"end":{"line":72,"column":1}},"4":{"start":{"line":50,"column":89},"end":{"line":50,"column":97}},"5":{"start":{"line":52,"column":2},"end":{"line":54,"column":3}},"6":{"start":{"line":53,"column":4},"end":{"line":53,"column":72}},"7":{"start":{"line":56,"column":19},"end":{"line":68,"column":3}},"8":{"start":{"line":70,"column":2},"end":{"line":70,"column":24}},"9":{"start":{"line":71,"column":2},"end":{"line":71,"column":33}},"10":{"start":{"line":75,"column":20},"end":{"line":102,"column":1}},"11":{"start":{"line":76,"column":18},"end":{"line":76,"column":41}},"12":{"start":{"line":77,"column":21},"end":{"line":77,"column":68}},"13":{"start":{"line":77,"column":47},"end":{"line":77,"column":67}},"14":{"start":{"line":79,"column":2},"end":{"line":81,"column":3}},"15":{"start":{"line":80,"column":4},"end":{"line":80,"column":64}},"16":{"start":{"line":83,"column":76},"end":{"line":83,"column":84}},"17":{"start":{"line":85,"column":2},"end":{"line":87,"column":3}},"18":{"start":{"line":86,"column":4},"end":{"line":86,"column":70}},"19":{"start":{"line":89,"column":2},"end":{"line":99,"column":4}},"20":{"start":{"line":101,"column":2},"end":{"line":101,"column":31}},"21":{"start":{"line":105,"column":18},"end":{"line":111,"column":1}},"22":{"start":{"line":106,"column":29},"end":{"line":108,"column":29}},"23":{"start":{"line":107,"column":21},"end":{"line":107,"column":62}},"24":{"start":{"line":108,"column":18},"end":{"line":108,"column":28}},"25":{"start":{"line":110,"column":2},"end":{"line":110,"column":31}},"26":{"start":{"line":115,"column":22},"end":{"line":124,"column":1}},"27":{"start":{"line":116,"column":22},"end":{"line":121,"column":3}},"28":{"start":{"line":117,"column":4},"end":{"line":120,"column":7}},"29":{"start":{"line":117,"column":39},"end":{"line":120,"column":5}},"30":{"start":{"line":123,"column":2},"end":{"line":123,"column":26}},"31":{"start":{"line":127,"column":28},"end":{"line":143,"column":1}},"32":{"start":{"line":128,"column":53},"end":{"line":128,"column":61}},"33":{"start":{"line":130,"column":16},"end":{"line":130,"column":58}},"34":{"start":{"line":130,"column":37},"end":{"line":130,"column":57}},"35":{"start":{"line":131,"column":2},"end":{"line":133,"column":3}},"36":{"start":{"line":132,"column":4},"end":{"line":132,"column":64}},"37":{"start":{"line":135,"column":23},"end":{"line":139,"column":3}},"38":{"start":{"line":141,"column":2},"end":{"line":141,"column":38}},"39":{"start":{"line":142,"column":2},"end":{"line":142,"column":37}},"40":{"start":{"line":148,"column":0},"end":{"line":155,"column":2}}},"fnMap":{"0":{"name":"(anonymous_0)","decl":{"start":{"line":44,"column":28},"end":{"line":44,"column":29}},"loc":{"start":{"line":44,"column":42},"end":{"line":46,"column":1}},"line":44},"1":{"name":"(anonymous_1)","decl":{"start":{"line":49,"column":17},"end":{"line":49,"column":18}},"loc":{"start":{"line":49,"column":31},"end":{"line":72,"column":1}},"line":49},"2":{"name":"(anonymous_2)","decl":{"start":{"line":75,"column":20},"end":{"line":75,"column":21}},"loc":{"start":{"line":75,"column":34},"end":{"line":102,"column":1}},"line":75},"3":{"name":"(anonymous_3)","decl":{"start":{"line":77,"column":38},"end":{"line":77,"column":39}},"loc":{"start":{"line":77,"column":47},"end":{"line":77,"column":67}},"line":77},"4":{"name":"(anonymous_4)","decl":{"start":{"line":105,"column":18},"end":{"line":105,"column":19}},"loc":{"start":{"line":105,"column":32},"end":{"line":111,"column":1}},"line":105},"5":{"name":"(anonymous_5)","decl":{"start":{"line":107,"column":12},"end":{"line":107,"column":13}},"loc":{"start":{"line":107,"column":21},"end":{"line":107,"column":62}},"line":107},"6":{"name":"(anonymous_6)","decl":{"start":{"line":108,"column":9},"end":{"line":108,"column":10}},"loc":{"start":{"line":108,"column":18},"end":{"line":108,"column":28}},"line":108},"7":{"name":"(anonymous_7)","decl":{"start":{"line":115,"column":22},"end":{"line":115,"column":23}},"loc":{"start":{"line":115,"column":36},"end":{"line":124,"column":1}},"line":115},"8":{"name":"(anonymous_8)","decl":{"start":{"line":116,"column":37},"end":{"line":116,"column":38}},"loc":{"start":{"line":117,"column":4},"end":{"line":120,"column":7}},"line":117},"9":{"name":"(anonymous_9)","decl":{"start":{"line":117,"column":25},"end":{"line":117,"column":26}},"loc":{"start":{"line":117,"column":39},"end":{"line":120,"column":5}},"line":117},"10":{"name":"(anonymous_10)","decl":{"start":{"line":127,"column":28},"end":{"line":127,"column":29}},"loc":{"start":{"line":127,"column":42},"end":{"line":143,"column":1}},"line":127},"11":{"name":"(anonymous_11)","decl":{"start":{"line":130,"column":28},"end":{"line":130,"column":29}},"loc":{"start":{"line":130,"column":37},"end":{"line":130,"column":57}},"line":130}},"branchMap":{"0":{"loc":{"start":{"line":52,"column":2},"end":{"line":54,"column":3}},"type":"if","locations":[{"start":{"line":52,"column":2},"end":{"line":54,"column":3}},{"start":{},"end":{}}],"line":52},"1":{"loc":{"start":{"line":52,"column":6},"end":{"line":52,"column":78}},"type":"binary-expr","locations":[{"start":{"line":52,"column":6},"end":{"line":52,"column":11}},{"start":{"line":52,"column":15},"end":{"line":52,"column":20}},{"start":{"line":52,"column":24},"end":{"line":52,"column":29}},{"start":{"line":52,"column":33},"end":{"line":52,"column":39}},{"start":{"line":52,"column":43},"end":{"line":52,"column":51}},{"start":{"line":52,"column":55},"end":{"line":52,"column":62}},{"start":{"line":52,"column":66},"end":{"line":52,"column":78}}],"line":52},"2":{"loc":{"start":{"line":65,"column":17},"end":{"line":65,"column":37}},"type":"binary-expr","locations":[{"start":{"line":65,"column":17},"end":{"line":65,"column":28}},{"start":{"line":65,"column":32},"end":{"line":65,"column":37}}],"line":65},"3":{"loc":{"start":{"line":66,"column":12},"end":{"line":66,"column":24}},"type":"binary-expr","locations":[{"start":{"line":66,"column":12},"end":{"line":66,"column":18}},{"start":{"line":66,"column":22},"end":{"line":66,"column":24}}],"line":66},"4":{"loc":{"start":{"line":79,"column":2},"end":{"line":81,"column":3}},"type":"if","locations":[{"start":{"line":79,"column":2},"end":{"line":81,"column":3}},{"start":{},"end":{}}],"line":79},"5":{"loc":{"start":{"line":85,"column":2},"end":{"line":87,"column":3}},"type":"if","locations":[{"start":{"line":85,"column":2},"end":{"line":87,"column":3}},{"start":{},"end":{}}],"line":85},"6":{"loc":{"start":{"line":85,"column":6},"end":{"line":85,"column":42}},"type":"binary-expr","locations":[{"start":{"line":85,"column":6},"end":{"line":85,"column":12}},{"start":{"line":85,"column":16},"end":{"line":85,"column":42}}],"line":85},"7":{"loc":{"start":{"line":91,"column":10},"end":{"line":91,"column":41}},"type":"binary-expr","locations":[{"start":{"line":91,"column":10},"end":{"line":91,"column":14}},{"start":{"line":91,"column":18},"end":{"line":91,"column":41}}],"line":91},"8":{"loc":{"start":{"line":92,"column":10},"end":{"line":92,"column":41}},"type":"binary-expr","locations":[{"start":{"line":92,"column":10},"end":{"line":92,"column":14}},{"start":{"line":92,"column":18},"end":{"line":92,"column":41}}],"line":92},"9":{"loc":{"start":{"line":93,"column":10},"end":{"line":93,"column":41}},"type":"binary-expr","locations":[{"start":{"line":93,"column":10},"end":{"line":93,"column":14}},{"start":{"line":93,"column":18},"end":{"line":93,"column":41}}],"line":93},"10":{"loc":{"start":{"line":94,"column":11},"end":{"line":94,"column":44}},"type":"binary-expr","locations":[{"start":{"line":94,"column":11},"end":{"line":94,"column":16}},{"start":{"line":94,"column":20},"end":{"line":94,"column":44}}],"line":94},"11":{"loc":{"start":{"line":95,"column":13},"end":{"line":95,"column":50}},"type":"binary-expr","locations":[{"start":{"line":95,"column":13},"end":{"line":95,"column":20}},{"start":{"line":95,"column":24},"end":{"line":95,"column":50}}],"line":95},"12":{"loc":{"start":{"line":96,"column":12},"end":{"line":96,"column":47}},"type":"binary-expr","locations":[{"start":{"line":96,"column":12},"end":{"line":96,"column":18}},{"start":{"line":96,"column":22},"end":{"line":96,"column":47}}],"line":96},"13":{"loc":{"start":{"line":97,"column":17},"end":{"line":97,"column":62}},"type":"binary-expr","locations":[{"start":{"line":97,"column":17},"end":{"line":97,"column":28}},{"start":{"line":97,"column":32},"end":{"line":97,"column":62}}],"line":97},"14":{"loc":{"start":{"line":98,"column":12},"end":{"line":98,"column":47}},"type":"binary-expr","locations":[{"start":{"line":98,"column":12},"end":{"line":98,"column":18}},{"start":{"line":98,"column":22},"end":{"line":98,"column":47}}],"line":98},"15":{"loc":{"start":{"line":131,"column":2},"end":{"line":133,"column":3}},"type":"if","locations":[{"start":{"line":131,"column":2},"end":{"line":133,"column":3}},{"start":{},"end":{}}],"line":131}},"s":{"0":5,"1":5,"2":1,"3":5,"4":4,"5":4,"6":1,"7":3,"8":3,"9":3,"10":5,"11":3,"12":3,"13":15,"14":3,"15":1,"16":2,"17":2,"18":1,"19":1,"20":1,"21":5,"22":0,"23":0,"24":0,"25":0,"26":5,"27":1,"28":3,"29":6,"30":1,"31":5,"32":2,"33":2,"34":9,"35":2,"36":1,"37":1,"38":1,"39":1,"40":5},"f":{"0":1,"1":4,"2":3,"3":15,"4":0,"5":0,"6":0,"7":1,"8":3,"9":6,"10":2,"11":9},"b":{"0":[1,3],"1":[4,4,3,3,3,3,3],"2":[3,3],"3":[3,0],"4":[1,2],"5":[1,1],"6":[2,2],"7":[1,0],"8":[1,1],"9":[1,1],"10":[1,1],"11":[1,1],"12":[1,0],"13":[1,1],"14":[1,1],"15":[1,1]},"_coverageSchema":"1a1c01bbd47fc00a2c39e90264f33305004495a9","hash":"9c22ed1a4c88050d8ad0236c5452070fb5612c1d"}
,"C:\\Users\\diana\\Documents\\Current Classes\\Software Design - COSC 4354\\Project\\4353-Group11-SP25\\server\\controllers\\notifications.js": {"path":"C:\\Users\\diana\\Documents\\Current Classes\\Software Design - COSC 4354\\Project\\4353-Group11-SP25\\server\\controllers\\notifications.js","statementMap":{"0":{"start":{"line":1,"column":20},"end":{"line":56,"column":3}},"1":{"start":{"line":58,"column":27},"end":{"line":82,"column":3}},"2":{"start":{"line":59,"column":39},"end":{"line":59,"column":48}},"3":{"start":{"line":61,"column":32},"end":{"line":61,"column":50}},"4":{"start":{"line":63,"column":4},"end":{"line":67,"column":5}},"5":{"start":{"line":64,"column":6},"end":{"line":66,"column":8}},"6":{"start":{"line":65,"column":17},"end":{"line":65,"column":44}},"7":{"start":{"line":69,"column":4},"end":{"line":73,"column":5}},"8":{"start":{"line":70,"column":6},"end":{"line":72,"column":8}},"9":{"start":{"line":71,"column":17},"end":{"line":71,"column":36}},"10":{"start":{"line":75,"column":4},"end":{"line":79,"column":5}},"11":{"start":{"line":76,"column":6},"end":{"line":78,"column":8}},"12":{"start":{"line":77,"column":17},"end":{"line":77,"column":37}},"13":{"start":{"line":81,"column":4},"end":{"line":81,"column":36}},"14":{"start":{"line":84,"column":21},"end":{"line":97,"column":3}},"15":{"start":{"line":85,"column":19},"end":{"line":85,"column":29}},"16":{"start":{"line":86,"column":27},"end":{"line":86,"column":43}},"17":{"start":{"line":88,"column":25},"end":{"line":88,"column":73}},"18":{"start":{"line":88,"column":49},"end":{"line":88,"column":72}},"19":{"start":{"line":90,"column":4},"end":{"line":92,"column":5}},"20":{"start":{"line":91,"column":6},"end":{"line":91,"column":71}},"21":{"start":{"line":94,"column":4},"end":{"line":94,"column":29}},"22":{"start":{"line":96,"column":4},"end":{"line":96,"column":27}},"23":{"start":{"line":99,"column":24},"end":{"line":111,"column":1}},"24":{"start":{"line":100,"column":25},"end":{"line":100,"column":34}},"25":{"start":{"line":102,"column":4},"end":{"line":108,"column":5}},"26":{"start":{"line":103,"column":6},"end":{"line":105,"column":8}},"27":{"start":{"line":104,"column":8},"end":{"line":104,"column":70}},"28":{"start":{"line":107,"column":6},"end":{"line":107,"column":77}},"29":{"start":{"line":107,"column":50},"end":{"line":107,"column":74}},"30":{"start":{"line":110,"column":4},"end":{"line":110,"column":32}},"31":{"start":{"line":113,"column":0},"end":{"line":117,"column":2}}},"fnMap":{"0":{"name":"(anonymous_0)","decl":{"start":{"line":58,"column":27},"end":{"line":58,"column":28}},"loc":{"start":{"line":58,"column":41},"end":{"line":82,"column":3}},"line":58},"1":{"name":"(anonymous_1)","decl":{"start":{"line":65,"column":8},"end":{"line":65,"column":9}},"loc":{"start":{"line":65,"column":17},"end":{"line":65,"column":44}},"line":65},"2":{"name":"(anonymous_2)","decl":{"start":{"line":71,"column":8},"end":{"line":71,"column":9}},"loc":{"start":{"line":71,"column":17},"end":{"line":71,"column":36}},"line":71},"3":{"name":"(anonymous_3)","decl":{"start":{"line":77,"column":8},"end":{"line":77,"column":9}},"loc":{"start":{"line":77,"column":17},"end":{"line":77,"column":37}},"line":77},"4":{"name":"(anonymous_4)","decl":{"start":{"line":84,"column":21},"end":{"line":84,"column":22}},"loc":{"start":{"line":84,"column":35},"end":{"line":97,"column":3}},"line":84},"5":{"name":"(anonymous_5)","decl":{"start":{"line":88,"column":44},"end":{"line":88,"column":45}},"loc":{"start":{"line":88,"column":49},"end":{"line":88,"column":72}},"line":88},"6":{"name":"(anonymous_6)","decl":{"start":{"line":99,"column":24},"end":{"line":99,"column":25}},"loc":{"start":{"line":99,"column":38},"end":{"line":111,"column":1}},"line":99},"7":{"name":"(anonymous_7)","decl":{"start":{"line":103,"column":40},"end":{"line":103,"column":41}},"loc":{"start":{"line":104,"column":8},"end":{"line":104,"column":70}},"line":104},"8":{"name":"(anonymous_8)","decl":{"start":{"line":107,"column":40},"end":{"line":107,"column":41}},"loc":{"start":{"line":107,"column":50},"end":{"line":107,"column":74}},"line":107}},"branchMap":{"0":{"loc":{"start":{"line":63,"column":4},"end":{"line":67,"column":5}},"type":"if","locations":[{"start":{"line":63,"column":4},"end":{"line":67,"column":5}},{"start":{},"end":{}}],"line":63},"1":{"loc":{"start":{"line":69,"column":4},"end":{"line":73,"column":5}},"type":"if","locations":[{"start":{"line":69,"column":4},"end":{"line":73,"column":5}},{"start":{},"end":{}}],"line":69},"2":{"loc":{"start":{"line":69,"column":8},"end":{"line":69,"column":30}},"type":"binary-expr","locations":[{"start":{"line":69,"column":8},"end":{"line":69,"column":12}},{"start":{"line":69,"column":16},"end":{"line":69,"column":30}}],"line":69},"3":{"loc":{"start":{"line":75,"column":4},"end":{"line":79,"column":5}},"type":"if","locations":[{"start":{"line":75,"column":4},"end":{"line":79,"column":5}},{"start":{},"end":{}}],"line":75},"4":{"loc":{"start":{"line":90,"column":4},"end":{"line":92,"column":5}},"type":"if","locations":[{"start":{"line":90,"column":4},"end":{"line":92,"column":5}},{"start":{},"end":{}}],"line":90},"5":{"loc":{"start":{"line":102,"column":4},"end":{"line":108,"column":5}},"type":"if","locations":[{"start":{"line":102,"column":4},"end":{"line":108,"column":5}},{"start":{"line":106,"column":11},"end":{"line":108,"column":5}}],"line":102},"6":{"loc":{"start":{"line":104,"column":8},"end":{"line":104,"column":70}},"type":"cond-expr","locations":[{"start":{"line":104,"column":38},"end":{"line":104,"column":62}},{"start":{"line":104,"column":65},"end":{"line":104,"column":70}}],"line":104}},"s":{"0":5,"1":5,"2":3,"3":3,"4":3,"5":0,"6":0,"7":3,"8":1,"9":6,"10":3,"11":1,"12":6,"13":3,"14":5,"15":1,"16":1,"17":1,"18":1,"19":1,"20":0,"21":1,"22":1,"23":5,"24":1,"25":1,"26":0,"27":0,"28":1,"29":6,"30":1,"31":5},"f":{"0":3,"1":0,"2":6,"3":6,"4":1,"5":1,"6":1,"7":0,"8":6},"b":{"0":[0,3],"1":[1,2],"2":[3,1],"3":[1,2],"4":[0,1],"5":[0,1],"6":[0,0]},"_coverageSchema":"1a1c01bbd47fc00a2c39e90264f33305004495a9","hash":"741e6219470a73728e651115faf24f5c11f7fce9"}
,"C:\\Users\\diana\\Documents\\Current Classes\\Software Design - COSC 4354\\Project\\4353-Group11-SP25\\server\\controllers\\volunteerAssignments.js": {"path":"C:\\Users\\diana\\Documents\\Current Classes\\Software Design - COSC 4354\\Project\\4353-Group11-SP25\\server\\controllers\\volunteerAssignments.js","statementMap":{"0":{"start":{"line":1,"column":13},"end":{"line":34,"column":3}},"1":{"start":{"line":39,"column":25},"end":{"line":53,"column":3}},"2":{"start":{"line":40,"column":28},"end":{"line":40,"column":37}},"3":{"start":{"line":42,"column":4},"end":{"line":44,"column":5}},"4":{"start":{"line":43,"column":6},"end":{"line":43,"column":73}},"5":{"start":{"line":46,"column":27},"end":{"line":48,"column":5}},"6":{"start":{"line":47,"column":6},"end":{"line":47,"column":72}},"7":{"start":{"line":47,"column":43},"end":{"line":47,"column":71}},"8":{"start":{"line":49,"column":4},"end":{"line":51,"column":5}},"9":{"start":{"line":50,"column":8},"end":{"line":50,"column":86}},"10":{"start":{"line":52,"column":4},"end":{"line":52,"column":29}},"11":{"start":{"line":57,"column":2},"end":{"line":59,"column":4}}},"fnMap":{"0":{"name":"(anonymous_0)","decl":{"start":{"line":39,"column":25},"end":{"line":39,"column":26}},"loc":{"start":{"line":39,"column":39},"end":{"line":53,"column":3}},"line":39},"1":{"name":"(anonymous_1)","decl":{"start":{"line":46,"column":41},"end":{"line":46,"column":42}},"loc":{"start":{"line":47,"column":6},"end":{"line":47,"column":72}},"line":47},"2":{"name":"(anonymous_2)","decl":{"start":{"line":47,"column":28},"end":{"line":47,"column":29}},"loc":{"start":{"line":47,"column":43},"end":{"line":47,"column":71}},"line":47}},"branchMap":{"0":{"loc":{"start":{"line":42,"column":4},"end":{"line":44,"column":5}},"type":"if","locations":[{"start":{"line":42,"column":4},"end":{"line":44,"column":5}},{"start":{},"end":{}}],"line":42},"1":{"loc":{"start":{"line":49,"column":4},"end":{"line":51,"column":5}},"type":"if","locations":[{"start":{"line":49,"column":4},"end":{"line":51,"column":5}},{"start":{},"end":{}}],"line":49}},"s":{"0":5,"1":5,"2":3,"3":3,"4":1,"5":2,"6":4,"7":8,"8":2,"9":1,"10":1,"11":5},"f":{"0":3,"1":4,"2":8},"b":{"0":[1,2],"1":[1,1]},"_coverageSchema":"1a1c01bbd47fc00a2c39e90264f33305004495a9","hash":"6a4ae5483c4e53d1b9497136189be159d6c36840"}
,"C:\\Users\\diana\\Documents\\Current Classes\\Software Design - COSC 4354\\Project\\4353-Group11-SP25\\server\\controllers\\volunteerProfile.js": {"path":"C:\\Users\\diana\\Documents\\Current Classes\\Software Design - COSC 4354\\Project\\4353-Group11-SP25\\server\\controllers\\volunteerProfile.js","statementMap":{"0":{"start":{"line":2,"column":23},"end":{"line":20,"column":1}},"1":{"start":{"line":23,"column":28},"end":{"line":25,"column":1}},"2":{"start":{"line":24,"column":2},"end":{"line":24,"column":29}},"3":{"start":{"line":28,"column":31},"end":{"line":69,"column":1}},"4":{"start":{"line":47,"column":6},"end":{"line":47,"column":14}},"5":{"start":{"line":50,"column":2},"end":{"line":50,"column":70}},"6":{"start":{"line":50,"column":31},"end":{"line":50,"column":70}},"7":{"start":{"line":51,"column":2},"end":{"line":51,"column":67}},"8":{"start":{"line":51,"column":30},"end":{"line":51,"column":67}},"9":{"start":{"line":52,"column":2},"end":{"line":52,"column":58}},"10":{"start":{"line":52,"column":27},"end":{"line":52,"column":58}},"11":{"start":{"line":53,"column":2},"end":{"line":53,"column":58}},"12":{"start":{"line":53,"column":27},"end":{"line":53,"column":58}},"13":{"start":{"line":54,"column":2},"end":{"line":54,"column":76}},"14":{"start":{"line":54,"column":33},"end":{"line":54,"column":76}},"15":{"start":{"line":55,"column":2},"end":{"line":55,"column":61}},"16":{"start":{"line":55,"column":28},"end":{"line":55,"column":61}},"17":{"start":{"line":56,"column":2},"end":{"line":56,"column":67}},"18":{"start":{"line":56,"column":30},"end":{"line":56,"column":67}},"19":{"start":{"line":57,"column":2},"end":{"line":57,"column":58}},"20":{"start":{"line":57,"column":27},"end":{"line":57,"column":58}},"21":{"start":{"line":58,"column":2},"end":{"line":58,"column":61}},"22":{"start":{"line":58,"column":28},"end":{"line":58,"column":61}},"23":{"start":{"line":59,"column":2},"end":{"line":59,"column":67}},"24":{"start":{"line":59,"column":30},"end":{"line":59,"column":67}},"25":{"start":{"line":60,"column":2},"end":{"line":60,"column":67}},"26":{"start":{"line":60,"column":30},"end":{"line":60,"column":67}},"27":{"start":{"line":61,"column":2},"end":{"line":61,"column":58}},"28":{"start":{"line":61,"column":27},"end":{"line":61,"column":58}},"29":{"start":{"line":62,"column":2},"end":{"line":62,"column":61}},"30":{"start":{"line":62,"column":28},"end":{"line":62,"column":61}},"31":{"start":{"line":63,"column":2},"end":{"line":63,"column":67}},"32":{"start":{"line":63,"column":30},"end":{"line":63,"column":67}},"33":{"start":{"line":64,"column":2},"end":{"line":64,"column":61}},"34":{"start":{"line":64,"column":28},"end":{"line":64,"column":61}},"35":{"start":{"line":65,"column":2},"end":{"line":65,"column":79}},"36":{"start":{"line":65,"column":34},"end":{"line":65,"column":79}},"37":{"start":{"line":66,"column":2},"end":{"line":66,"column":76}},"38":{"start":{"line":66,"column":33},"end":{"line":66,"column":76}},"39":{"start":{"line":68,"column":2},"end":{"line":68,"column":86}},"40":{"start":{"line":72,"column":0},"end":{"line":75,"column":2}}},"fnMap":{"0":{"name":"(anonymous_0)","decl":{"start":{"line":23,"column":28},"end":{"line":23,"column":29}},"loc":{"start":{"line":23,"column":42},"end":{"line":25,"column":1}},"line":23},"1":{"name":"(anonymous_1)","decl":{"start":{"line":28,"column":31},"end":{"line":28,"column":32}},"loc":{"start":{"line":28,"column":45},"end":{"line":69,"column":1}},"line":28}},"branchMap":{"0":{"loc":{"start":{"line":50,"column":2},"end":{"line":50,"column":70}},"type":"if","locations":[{"start":{"line":50,"column":2},"end":{"line":50,"column":70}},{"start":{},"end":{}}],"line":50},"1":{"loc":{"start":{"line":51,"column":2},"end":{"line":51,"column":67}},"type":"if","locations":[{"start":{"line":51,"column":2},"end":{"line":51,"column":67}},{"start":{},"end":{}}],"line":51},"2":{"loc":{"start":{"line":52,"column":2},"end":{"line":52,"column":58}},"type":"if","locations":[{"start":{"line":52,"column":2},"end":{"line":52,"column":58}},{"start":{},"end":{}}],"line":52},"3":{"loc":{"start":{"line":53,"column":2},"end":{"line":53,"column":58}},"type":"if","locations":[{"start":{"line":53,"column":2},"end":{"line":53,"column":58}},{"start":{},"end":{}}],"line":53},"4":{"loc":{"start":{"line":54,"column":2},"end":{"line":54,"column":76}},"type":"if","locations":[{"start":{"line":54,"column":2},"end":{"line":54,"column":76}},{"start":{},"end":{}}],"line":54},"5":{"loc":{"start":{"line":55,"column":2},"end":{"line":55,"column":61}},"type":"if","locations":[{"start":{"line":55,"column":2},"end":{"line":55,"column":61}},{"start":{},"end":{}}],"line":55},"6":{"loc":{"start":{"line":56,"column":2},"end":{"line":56,"column":67}},"type":"if","locations":[{"start":{"line":56,"column":2},"end":{"line":56,"column":67}},{"start":{},"end":{}}],"line":56},"7":{"loc":{"start":{"line":57,"column":2},"end":{"line":57,"column":58}},"type":"if","locations":[{"start":{"line":57,"column":2},"end":{"line":57,"column":58}},{"start":{},"end":{}}],"line":57},"8":{"loc":{"start":{"line":58,"column":2},"end":{"line":58,"column":61}},"type":"if","locations":[{"start":{"line":58,"column":2},"end":{"line":58,"column":61}},{"start":{},"end":{}}],"line":58},"9":{"loc":{"start":{"line":59,"column":2},"end":{"line":59,"column":67}},"type":"if","locations":[{"start":{"line":59,"column":2},"end":{"line":59,"column":67}},{"start":{},"end":{}}],"line":59},"10":{"loc":{"start":{"line":60,"column":2},"end":{"line":60,"column":67}},"type":"if","locations":[{"start":{"line":60,"column":2},"end":{"line":60,"column":67}},{"start":{},"end":{}}],"line":60},"11":{"loc":{"start":{"line":61,"column":2},"end":{"line":61,"column":58}},"type":"if","locations":[{"start":{"line":61,"column":2},"end":{"line":61,"column":58}},{"start":{},"end":{}}],"line":61},"12":{"loc":{"start":{"line":62,"column":2},"end":{"line":62,"column":61}},"type":"if","locations":[{"start":{"line":62,"column":2},"end":{"line":62,"column":61}},{"start":{},"end":{}}],"line":62},"13":{"loc":{"start":{"line":63,"column":2},"end":{"line":63,"column":67}},"type":"if","locations":[{"start":{"line":63,"column":2},"end":{"line":63,"column":67}},{"start":{},"end":{}}],"line":63},"14":{"loc":{"start":{"line":64,"column":2},"end":{"line":64,"column":61}},"type":"if","locations":[{"start":{"line":64,"column":2},"end":{"line":64,"column":61}},{"start":{},"end":{}}],"line":64},"15":{"loc":{"start":{"line":65,"column":2},"end":{"line":65,"column":79}},"type":"if","locations":[{"start":{"line":65,"column":2},"end":{"line":65,"column":79}},{"start":{},"end":{}}],"line":65},"16":{"loc":{"start":{"line":66,"column":2},"end":{"line":66,"column":76}},"type":"if","locations":[{"start":{"line":66,"column":2},"end":{"line":66,"column":76}},{"start":{},"end":{}}],"line":66}},"s":{"0":5,"1":5,"2":1,"3":5,"4":1,"5":1,"6":1,"7":1,"8":1,"9":1,"10":1,"11":1,"12":1,"13":1,"14":1,"15":1,"16":0,"17":1,"18":1,"19":1,"20":1,"21":1,"22":1,"23":1,"24":1,"25":1,"26":1,"27":1,"28":1,"29":1,"30":1,"31":1,"32":1,"33":1,"34":1,"35":1,"36":1,"37":1,"38":1,"39":1,"40":5},"f":{"0":1,"1":1},"b":{"0":[1,0],"1":[1,0],"2":[1,0],"3":[1,0],"4":[1,0],"5":[0,1],"6":[1,0],"7":[1,0],"8":[1,0],"9":[1,0],"10":[1,0],"11":[1,0],"12":[1,0],"13":[1,0],"14":[1,0],"15":[1,0],"16":[1,0]},"_coverageSchema":"1a1c01bbd47fc00a2c39e90264f33305004495a9","hash":"9d858493b89894eb581cd98f29bd9b8a868240a6"}
,"C:\\Users\\diana\\Documents\\Current Classes\\Software Design - COSC 4354\\Project\\4353-Group11-SP25\\server\\middleware\\validateAdminProfile.js": {"path":"C:\\Users\\diana\\Documents\\Current Classes\\Software Design - COSC 4354\\Project\\4353-Group11-SP25\\server\\middleware\\validateAdminProfile.js","statementMap":{"0":{"start":{"line":1,"column":29},"end":{"line":26,"column":3}},"1":{"start":{"line":2,"column":39},"end":{"line":2,"column":47}},"2":{"start":{"line":3,"column":19},"end":{"line":3,"column":21}},"3":{"start":{"line":5,"column":4},"end":{"line":7,"column":5}},"4":{"start":{"line":6,"column":6},"end":{"line":6,"column":43}},"5":{"start":{"line":9,"column":23},"end":{"line":9,"column":51}},"6":{"start":{"line":10,"column":4},"end":{"line":12,"column":5}},"7":{"start":{"line":11,"column":6},"end":{"line":11,"column":45}},"8":{"start":{"line":14,"column":4},"end":{"line":19,"column":5}},"9":{"start":{"line":15,"column":25},"end":{"line":15,"column":46}},"10":{"start":{"line":16,"column":6},"end":{"line":18,"column":7}},"11":{"start":{"line":17,"column":8},"end":{"line":17,"column":69}},"12":{"start":{"line":21,"column":4},"end":{"line":23,"column":5}},"13":{"start":{"line":22,"column":6},"end":{"line":22,"column":46}},"14":{"start":{"line":25,"column":4},"end":{"line":25,"column":11}},"15":{"start":{"line":28,"column":2},"end":{"line":28,"column":44}}},"fnMap":{"0":{"name":"(anonymous_0)","decl":{"start":{"line":1,"column":29},"end":{"line":1,"column":30}},"loc":{"start":{"line":1,"column":49},"end":{"line":26,"column":3}},"line":1}},"branchMap":{"0":{"loc":{"start":{"line":5,"column":4},"end":{"line":7,"column":5}},"type":"if","locations":[{"start":{"line":5,"column":4},"end":{"line":7,"column":5}},{"start":{},"end":{}}],"line":5},"1":{"loc":{"start":{"line":5,"column":8},"end":{"line":5,"column":43}},"type":"binary-expr","locations":[{"start":{"line":5,"column":8},"end":{"line":5,"column":17}},{"start":{"line":5,"column":21},"end":{"line":5,"column":43}}],"line":5},"2":{"loc":{"start":{"line":10,"column":4},"end":{"line":12,"column":5}},"type":"if","locations":[{"start":{"line":10,"column":4},"end":{"line":12,"column":5}},{"start":{},"end":{}}],"line":10},"3":{"loc":{"start":{"line":10,"column":8},"end":{"line":10,"column":41}},"type":"binary-expr","locations":[{"start":{"line":10,"column":8},"end":{"line":10,"column":14}},{"start":{"line":10,"column":18},"end":{"line":10,"column":41}}],"line":10},"4":{"loc":{"start":{"line":14,"column":4},"end":{"line":19,"column":5}},"type":"if","locations":[{"start":{"line":14,"column":4},"end":{"line":19,"column":5}},{"start":{},"end":{}}],"line":14},"5":{"loc":{"start":{"line":16,"column":6},"end":{"line":18,"column":7}},"type":"if","locations":[{"start":{"line":16,"column":6},"end":{"line":18,"column":7}},{"start":{},"end":{}}],"line":16},"6":{"loc":{"start":{"line":21,"column":4},"end":{"line":23,"column":5}},"type":"if","locations":[{"start":{"line":21,"column":4},"end":{"line":23,"column":5}},{"start":{},"end":{}}],"line":21}},"s":{"0":5,"1":2,"2":2,"3":2,"4":1,"5":2,"6":2,"7":1,"8":2,"9":1,"10":1,"11":0,"12":2,"13":1,"14":1,"15":5},"f":{"0":2},"b":{"0":[1,1],"1":[2,1],"2":[1,1],"3":[2,2],"4":[1,1],"5":[0,1],"6":[1,1]},"_coverageSchema":"1a1c01bbd47fc00a2c39e90264f33305004495a9","hash":"6ef883c49ed8eb453c5004732c7da45b522a54b3"}
,"C:\\Users\\diana\\Documents\\Current Classes\\Software Design - COSC 4354\\Project\\4353-Group11-SP25\\server\\middleware\\validateNotifications.js": {"path":"C:\\Users\\diana\\Documents\\Current Classes\\Software Design - COSC 4354\\Project\\4353-Group11-SP25\\server\\middleware\\validateNotifications.js","statementMap":{"0":{"start":{"line":1,"column":35},"end":{"line":9,"column":1}},"1":{"start":{"line":2,"column":19},"end":{"line":2,"column":29}},"2":{"start":{"line":4,"column":4},"end":{"line":6,"column":5}},"3":{"start":{"line":5,"column":6},"end":{"line":5,"column":72}},"4":{"start":{"line":8,"column":4},"end":{"line":8,"column":11}},"5":{"start":{"line":11,"column":0},"end":{"line":13,"column":2}}},"fnMap":{"0":{"name":"(anonymous_0)","decl":{"start":{"line":1,"column":35},"end":{"line":1,"column":36}},"loc":{"start":{"line":1,"column":55},"end":{"line":9,"column":1}},"line":1}},"branchMap":{"0":{"loc":{"start":{"line":4,"column":4},"end":{"line":6,"column":5}},"type":"if","locations":[{"start":{"line":4,"column":4},"end":{"line":6,"column":5}},{"start":{},"end":{}}],"line":4}},"s":{"0":5,"1":1,"2":1,"3":0,"4":1,"5":5},"f":{"0":1},"b":{"0":[0,1]},"_coverageSchema":"1a1c01bbd47fc00a2c39e90264f33305004495a9","hash":"c6d9fe972de68ceca7fe90f7bde27164caac8052"}
,"C:\\Users\\diana\\Documents\\Current Classes\\Software Design - COSC 4354\\Project\\4353-Group11-SP25\\server\\middleware\\validateVolunteerProfile.js": {"path":"C:\\Users\\diana\\Documents\\Current Classes\\Software Design - COSC 4354\\Project\\4353-Group11-SP25\\server\\middleware\\validateVolunteerProfile.js","statementMap":{"0":{"start":{"line":1,"column":33},"end":{"line":74,"column":1}},"1":{"start":{"line":16,"column":6},"end":{"line":16,"column":14}},"2":{"start":{"line":18,"column":17},"end":{"line":18,"column":19}},"3":{"start":{"line":21,"column":2},"end":{"line":23,"column":3}},"4":{"start":{"line":22,"column":4},"end":{"line":22,"column":60}},"5":{"start":{"line":26,"column":2},"end":{"line":32,"column":3}},"6":{"start":{"line":27,"column":16},"end":{"line":27,"column":37}},"7":{"start":{"line":28,"column":18},"end":{"line":28,"column":28}},"8":{"start":{"line":29,"column":4},"end":{"line":31,"column":5}},"9":{"start":{"line":30,"column":6},"end":{"line":30,"column":60}},"10":{"start":{"line":35,"column":21},"end":{"line":35,"column":49}},"11":{"start":{"line":36,"column":2},"end":{"line":38,"column":3}},"12":{"start":{"line":37,"column":4},"end":{"line":37,"column":77}},"13":{"start":{"line":41,"column":21},"end":{"line":41,"column":42}},"14":{"start":{"line":42,"column":2},"end":{"line":44,"column":3}},"15":{"start":{"line":43,"column":4},"end":{"line":43,"column":68}},"16":{"start":{"line":47,"column":20},"end":{"line":47,"column":35}},"17":{"start":{"line":48,"column":2},"end":{"line":50,"column":3}},"18":{"start":{"line":49,"column":4},"end":{"line":49,"column":59}},"19":{"start":{"line":51,"column":2},"end":{"line":53,"column":3}},"20":{"start":{"line":52,"column":4},"end":{"line":52,"column":61}},"21":{"start":{"line":56,"column":23},"end":{"line":56,"column":32}},"22":{"start":{"line":57,"column":2},"end":{"line":59,"column":3}},"23":{"start":{"line":58,"column":4},"end":{"line":58,"column":83}},"24":{"start":{"line":60,"column":2},"end":{"line":62,"column":3}},"25":{"start":{"line":61,"column":4},"end":{"line":61,"column":85}},"26":{"start":{"line":65,"column":2},"end":{"line":67,"column":3}},"27":{"start":{"line":66,"column":4},"end":{"line":66,"column":85}},"28":{"start":{"line":69,"column":2},"end":{"line":71,"column":3}},"29":{"start":{"line":70,"column":4},"end":{"line":70,"column":44}},"30":{"start":{"line":73,"column":2},"end":{"line":73,"column":9}},"31":{"start":{"line":76,"column":0},"end":{"line":76,"column":42}}},"fnMap":{"0":{"name":"(anonymous_0)","decl":{"start":{"line":1,"column":33},"end":{"line":1,"column":34}},"loc":{"start":{"line":1,"column":53},"end":{"line":74,"column":1}},"line":1}},"branchMap":{"0":{"loc":{"start":{"line":21,"column":2},"end":{"line":23,"column":3}},"type":"if","locations":[{"start":{"line":21,"column":2},"end":{"line":23,"column":3}},{"start":{},"end":{}}],"line":21},"1":{"loc":{"start":{"line":21,"column":6},"end":{"line":21,"column":76}},"type":"binary-expr","locations":[{"start":{"line":21,"column":6},"end":{"line":21,"column":16}},{"start":{"line":21,"column":20},"end":{"line":21,"column":29}},{"start":{"line":21,"column":33},"end":{"line":21,"column":42}},{"start":{"line":21,"column":46},"end":{"line":21,"column":52}},{"start":{"line":21,"column":56},"end":{"line":21,"column":63}},{"start":{"line":21,"column":67},"end":{"line":21,"column":76}}],"line":21},"2":{"loc":{"start":{"line":26,"column":2},"end":{"line":32,"column":3}},"type":"if","locations":[{"start":{"line":26,"column":2},"end":{"line":32,"column":3}},{"start":{},"end":{}}],"line":26},"3":{"loc":{"start":{"line":29,"column":4},"end":{"line":31,"column":5}},"type":"if","locations":[{"start":{"line":29,"column":4},"end":{"line":31,"column":5}},{"start":{},"end":{}}],"line":29},"4":{"loc":{"start":{"line":36,"column":2},"end":{"line":38,"column":3}},"type":"if","locations":[{"start":{"line":36,"column":2},"end":{"line":38,"column":3}},{"start":{},"end":{}}],"line":36},"5":{"loc":{"start":{"line":36,"column":6},"end":{"line":36,"column":38}},"type":"binary-expr","locations":[{"start":{"line":36,"column":6},"end":{"line":36,"column":11}},{"start":{"line":36,"column":15},"end":{"line":36,"column":38}}],"line":36},"6":{"loc":{"start":{"line":42,"column":2},"end":{"line":44,"column":3}},"type":"if","locations":[{"start":{"line":42,"column":2},"end":{"line":44,"column":3}},{"start":{},"end":{}}],"line":42},"7":{"loc":{"start":{"line":42,"column":6},"end":{"line":42,"column":38}},"type":"binary-expr","locations":[{"start":{"line":42,"column":6},"end":{"line":42,"column":11}},{"start":{"line":42,"column":15},"end":{"line":42,"column":38}}],"line":42},"8":{"loc":{"start":{"line":48,"column":2},"end":{"line":50,"column":3}},"type":"if","locations":[{"start":{"line":48,"column":2},"end":{"line":50,"column":3}},{"start":{},"end":{}}],"line":48},"9":{"loc":{"start":{"line":51,"column":2},"end":{"line":53,"column":3}},"type":"if","locations":[{"start":{"line":51,"column":2},"end":{"line":53,"column":3}},{"start":{},"end":{}}],"line":51},"10":{"loc":{"start":{"line":51,"column":6},"end":{"line":51,"column":37}},"type":"binary-expr","locations":[{"start":{"line":51,"column":6},"end":{"line":51,"column":11}},{"start":{"line":51,"column":15},"end":{"line":51,"column":37}}],"line":51},"11":{"loc":{"start":{"line":57,"column":2},"end":{"line":59,"column":3}},"type":"if","locations":[{"start":{"line":57,"column":2},"end":{"line":59,"column":3}},{"start":{},"end":{}}],"line":57},"12":{"loc":{"start":{"line":60,"column":2},"end":{"line":62,"column":3}},"type":"if","locations":[{"start":{"line":60,"column":2},"end":{"line":62,"column":3}},{"start":{},"end":{}}],"line":60},"13":{"loc":{"start":{"line":60,"column":6},"end":{"line":60,"column":46}},"type":"binary-expr","locations":[{"start":{"line":60,"column":6},"end":{"line":60,"column":14}},{"start":{"line":60,"column":18},"end":{"line":60,"column":46}}],"line":60},"14":{"loc":{"start":{"line":65,"column":2},"end":{"line":67,"column":3}},"type":"if","locations":[{"start":{"line":65,"column":2},"end":{"line":67,"column":3}},{"start":{},"end":{}}],"line":65},"15":{"loc":{"start":{"line":65,"column":6},"end":{"line":65,"column":96}},"type":"binary-expr","locations":[{"start":{"line":65,"column":7},"end":{"line":65,"column":15}},{"start":{"line":65,"column":19},"end":{"line":65,"column":24}},{"start":{"line":65,"column":28},"end":{"line":65,"column":34}},{"start":{"line":65,"column":38},"end":{"line":65,"column":46}},{"start":{"line":65,"column":52},"end":{"line":65,"column":61}},{"start":{"line":65,"column":65},"end":{"line":65,"column":71}},{"start":{"line":65,"column":75},"end":{"line":65,"column":82}},{"start":{"line":65,"column":86},"end":{"line":65,"column":95}}],"line":65},"16":{"loc":{"start":{"line":69,"column":2},"end":{"line":71,"column":3}},"type":"if","locations":[{"start":{"line":69,"column":2},"end":{"line":71,"column":3}},{"start":{},"end":{}}],"line":69}},"s":{"0":5,"1":4,"2":4,"3":4,"4":1,"5":4,"6":2,"7":2,"8":2,"9":1,"10":4,"11":4,"12":1,"13":4,"14":4,"15":0,"16":4,"17":4,"18":0,"19":4,"20":0,"21":4,"22":4,"23":1,"24":4,"25":0,"26":4,"27":0,"28":4,"29":3,"30":1,"31":5},"f":{"0":4},"b":{"0":[1,3],"1":[4,4,4,3,3,3],"2":[2,2],"3":[1,1],"4":[1,3],"5":[4,3],"6":[0,4],"7":[4,2],"8":[0,4],"9":[0,4],"10":[4,1],"11":[1,3],"12":[0,4],"13":[4,1],"14":[0,4],"15":[4,3,3,3,1,1,1,1],"16":[3,1]},"_coverageSchema":"1a1c01bbd47fc00a2c39e90264f33305004495a9","hash":"fe357c5af0f4b72d304fd7a7ba5c73cb15f2eaaf"}
,"C:\\Users\\diana\\Documents\\Current Classes\\Software Design - COSC 4354\\Project\\4353-Group11-SP25\\server\\routes\\adminProfile.js": {"path":"C:\\Users\\diana\\Documents\\Current Classes\\Software Design - COSC 4354\\Project\\4353-Group11-SP25\\server\\routes\\adminProfile.js","statementMap":{"0":{"start":{"line":1,"column":16},"end":{"line":1,"column":34}},"1":{"start":{"line":2,"column":48},"end":{"line":2,"column":86}},"2":{"start":{"line":3,"column":33},"end":{"line":3,"column":78}},"3":{"start":{"line":5,"column":15},"end":{"line":5,"column":31}},"4":{"start":{"line":7,"column":0},"end":{"line":7,"column":33}},"5":{"start":{"line":9,"column":0},"end":{"line":9,"column":58}},"6":{"start":{"line":11,"column":0},"end":{"line":11,"column":24}}},"fnMap":{},"branchMap":{},"s":{"0":5,"1":5,"2":5,"3":5,"4":5,"5":5,"6":5},"f":{},"b":{},"_coverageSchema":"1a1c01bbd47fc00a2c39e90264f33305004495a9","hash":"c0ab6a16d70e6fd8390f4ef29d8b3a1fe480ea84"}
,"C:\\Users\\diana\\Documents\\Current Classes\\Software Design - COSC 4354\\Project\\4353-Group11-SP25\\server\\routes\\authRoutes.js": {"path":"C:\\Users\\diana\\Documents\\Current Classes\\Software Design - COSC 4354\\Project\\4353-Group11-SP25\\server\\routes\\authRoutes.js","statementMap":{"0":{"start":{"line":1,"column":16},"end":{"line":1,"column":34}},"1":{"start":{"line":2,"column":37},"end":{"line":2,"column":77}},"2":{"start":{"line":4,"column":15},"end":{"line":4,"column":31}},"3":{"start":{"line":6,"column":0},"end":{"line":9,"column":3}},"4":{"start":{"line":8,"column":2},"end":{"line":8,"column":9}},"5":{"start":{"line":12,"column":0},"end":{"line":15,"column":3}},"6":{"start":{"line":14,"column":2},"end":{"line":14,"column":19}},"7":{"start":{"line":17,"column":0},"end":{"line":19,"column":2}},"8":{"start":{"line":18,"column":2},"end":{"line":18,"column":22}},"9":{"start":{"line":21,"column":0},"end":{"line":21,"column":29}},"10":{"start":{"line":23,"column":0},"end":{"line":23,"column":24}}},"fnMap":{"0":{"name":"(anonymous_0)","decl":{"start":{"line":6,"column":11},"end":{"line":6,"column":12}},"loc":{"start":{"line":6,"column":31},"end":{"line":9,"column":1}},"line":6},"1":{"name":"(anonymous_1)","decl":{"start":{"line":12,"column":23},"end":{"line":12,"column":24}},"loc":{"start":{"line":12,"column":37},"end":{"line":15,"column":1}},"line":12},"2":{"name":"(anonymous_2)","decl":{"start":{"line":17,"column":20},"end":{"line":17,"column":21}},"loc":{"start":{"line":17,"column":34},"end":{"line":19,"column":1}},"line":17}},"branchMap":{},"s":{"0":5,"1":5,"2":5,"3":5,"4":0,"5":5,"6":0,"7":5,"8":0,"9":5,"10":5},"f":{"0":0,"1":0,"2":0},"b":{},"_coverageSchema":"1a1c01bbd47fc00a2c39e90264f33305004495a9","hash":"ac3a0051b2283200c2e4d4b19a0db7f109efa13f"}
,"C:\\Users\\diana\\Documents\\Current Classes\\Software Design - COSC 4354\\Project\\4353-Group11-SP25\\server\\routes\\eventsRoutes.js": {"path":"C:\\Users\\diana\\Documents\\Current Classes\\Software Design - COSC 4354\\Project\\4353-Group11-SP25\\server\\routes\\eventsRoutes.js","statementMap":{"0":{"start":{"line":1,"column":16},"end":{"line":1,"column":34}},"1":{"start":{"line":2,"column":15},"end":{"line":2,"column":31}},"2":{"start":{"line":10,"column":4},"end":{"line":10,"column":46}},"3":{"start":{"line":13,"column":0},"end":{"line":13,"column":37}},"4":{"start":{"line":16,"column":0},"end":{"line":16,"column":43}},"5":{"start":{"line":17,"column":0},"end":{"line":17,"column":49}},"6":{"start":{"line":20,"column":0},"end":{"line":20,"column":44}},"7":{"start":{"line":21,"column":0},"end":{"line":21,"column":27}},"8":{"start":{"line":22,"column":0},"end":{"line":22,"column":35}},"9":{"start":{"line":23,"column":0},"end":{"line":23,"column":41}},"10":{"start":{"line":24,"column":0},"end":{"line":24,"column":50}},"11":{"start":{"line":25,"column":0},"end":{"line":25,"column":32}},"12":{"start":{"line":27,"column":0},"end":{"line":27,"column":24}}},"fnMap":{},"branchMap":{},"s":{"0":5,"1":5,"2":5,"3":5,"4":5,"5":5,"6":5,"7":5,"8":5,"9":5,"10":5,"11":5,"12":5},"f":{},"b":{},"_coverageSchema":"1a1c01bbd47fc00a2c39e90264f33305004495a9","hash":"3b64a0472b4fc61b3386de697e0fe975460ce3b3"}
,"C:\\Users\\diana\\Documents\\Current Classes\\Software Design - COSC 4354\\Project\\4353-Group11-SP25\\server\\routes\\notifications.js": {"path":"C:\\Users\\diana\\Documents\\Current Classes\\Software Design - COSC 4354\\Project\\4353-Group11-SP25\\server\\routes\\notifications.js","statementMap":{"0":{"start":{"line":1,"column":16},"end":{"line":1,"column":34}},"1":{"start":{"line":6,"column":4},"end":{"line":6,"column":43}},"2":{"start":{"line":7,"column":39},"end":{"line":7,"column":85}},"3":{"start":{"line":9,"column":15},"end":{"line":9,"column":31}},"4":{"start":{"line":11,"column":0},"end":{"line":11,"column":34}},"5":{"start":{"line":13,"column":0},"end":{"line":13,"column":64}},"6":{"start":{"line":15,"column":0},"end":{"line":15,"column":42}},"7":{"start":{"line":17,"column":0},"end":{"line":17,"column":24}}},"fnMap":{},"branchMap":{},"s":{"0":5,"1":5,"2":5,"3":5,"4":5,"5":5,"6":5,"7":5},"f":{},"b":{},"_coverageSchema":"1a1c01bbd47fc00a2c39e90264f33305004495a9","hash":"9a93a2d69e10a4959d39eb320790e5d105c1f19c"}
,"C:\\Users\\diana\\Documents\\Current Classes\\Software Design - COSC 4354\\Project\\4353-Group11-SP25\\server\\routes\\volunteerAssignmentsRoutes.js": {"path":"C:\\Users\\diana\\Documents\\Current Classes\\Software Design - COSC 4354\\Project\\4353-Group11-SP25\\server\\routes\\volunteerAssignmentsRoutes.js","statementMap":{"0":{"start":{"line":1,"column":16},"end":{"line":1,"column":34}},"1":{"start":{"line":2,"column":15},"end":{"line":2,"column":31}},"2":{"start":{"line":5,"column":4},"end":{"line":5,"column":50}},"3":{"start":{"line":8,"column":0},"end":{"line":8,"column":32}},"4":{"start":{"line":12,"column":0},"end":{"line":12,"column":24}}},"fnMap":{},"branchMap":{},"s":{"0":5,"1":5,"2":5,"3":5,"4":5},"f":{},"b":{},"_coverageSchema":"1a1c01bbd47fc00a2c39e90264f33305004495a9","hash":"edab3687b32993430df2380648ed6384ee3a0cb5"}
,"C:\\Users\\diana\\Documents\\Current Classes\\Software Design - COSC 4354\\Project\\4353-Group11-SP25\\server\\routes\\volunteerProfile.js": {"path":"C:\\Users\\diana\\Documents\\Current Classes\\Software Design - COSC 4354\\Project\\4353-Group11-SP25\\server\\routes\\volunteerProfile.js","statementMap":{"0":{"start":{"line":1,"column":16},"end":{"line":1,"column":34}},"1":{"start":{"line":2,"column":15},"end":{"line":2,"column":31}},"2":{"start":{"line":3,"column":56},"end":{"line":3,"column":98}},"3":{"start":{"line":4,"column":33},"end":{"line":4,"column":82}},"4":{"start":{"line":8,"column":0},"end":{"line":8,"column":37}},"5":{"start":{"line":11,"column":0},"end":{"line":11,"column":66}},"6":{"start":{"line":13,"column":0},"end":{"line":13,"column":24}}},"fnMap":{},"branchMap":{},"s":{"0":5,"1":5,"2":5,"3":5,"4":5,"5":5,"6":5},"f":{},"b":{},"_coverageSchema":"1a1c01bbd47fc00a2c39e90264f33305004495a9","hash":"0dbfb43f3b502e7c99977f98e58f480b036cba4a"}
}
