TN:
SF:server.js
FN:20,(anonymous_0)
FNF:1
FNH:0
FNDA:0,(anonymous_0)
DA:1,2
DA:2,2
DA:3,2
DA:4,2
DA:5,2
DA:7,2
DA:10,2
DA:12,2
DA:14,2
DA:15,2
DA:17,2
DA:19,2
DA:20,0
DA:23,2
LF:14
LH:13
BRDA:17,0,0,2
BRDA:17,0,1,2
BRDA:19,1,0,0
BRDA:19,1,1,2
BRF:4
BRH:3
end_of_record
TN:
SF:controllers/adminProfile.js
FN:11,(anonymous_0)
FN:15,(anonymous_1)
FNF:2
FNH:2
FNDA:1,(anonymous_0)
FNDA:1,(anonymous_1)
DA:1,2
DA:11,2
DA:12,1
DA:15,2
DA:16,1
DA:18,1
DA:19,1
DA:20,1
DA:21,1
DA:22,1
DA:24,1
DA:27,2
LF:12
LH:12
BRDA:18,0,0,1
BRDA:18,0,1,0
BRDA:19,1,0,1
BRDA:19,1,1,0
BRDA:20,2,0,1
BRDA:20,2,1,0
BRDA:21,3,0,1
BRDA:21,3,1,0
BRDA:22,4,0,1
BRDA:22,4,1,0
BRF:10
BRH:5
end_of_record
TN:
SF:controllers/volunteerHistory.js
FN:37,(anonymous_0)
FN:42,(anonymous_1)
FN:62,(anonymous_2)
FN:64,(anonymous_3)
FN:65,(anonymous_4)
FN:71,(anonymous_5)
FN:72,(anonymous_6)
FN:73,(anonymous_7)
FN:83,(anonymous_8)
FN:86,(anonymous_9)
FNF:10
FNH:7
FNDA:1,(anonymous_0)
FNDA:2,(anonymous_1)
FNDA:0,(anonymous_2)
FNDA:0,(anonymous_3)
FNDA:0,(anonymous_4)
FNDA:1,(anonymous_5)
FNDA:3,(anonymous_6)
FNDA:6,(anonymous_7)
FNDA:1,(anonymous_8)
FNDA:4,(anonymous_9)
DA:1,2
DA:37,2
DA:38,1
DA:42,2
DA:43,2
DA:44,2
DA:57,2
DA:58,2
DA:62,2
DA:63,0
DA:64,0
DA:65,0
DA:67,0
DA:71,2
DA:72,1
DA:73,6
DA:79,1
DA:83,2
DA:84,1
DA:86,4
DA:87,1
DA:88,0
DA:91,1
DA:97,1
DA:98,1
DA:101,2
LF:26
LH:21
BRDA:87,0,0,0
BRDA:87,0,1,1
BRF:2
BRH:1
end_of_record
TN:
SF:middleware/validateAdminProfile.js
FN:1,(anonymous_0)
FNF:1
FNH:1
FNDA:2,(anonymous_0)
DA:1,2
DA:2,2
DA:3,2
DA:5,2
DA:6,1
DA:9,2
DA:10,2
DA:11,1
DA:14,2
DA:15,1
DA:16,1
DA:17,0
DA:21,2
DA:22,1
DA:25,1
DA:28,2
LF:16
LH:15
BRDA:5,0,0,1
BRDA:5,0,1,1
BRDA:5,1,0,2
BRDA:5,1,1,1
BRDA:10,2,0,1
BRDA:10,2,1,1
BRDA:10,3,0,2
BRDA:10,3,1,2
BRDA:14,4,0,1
BRDA:14,4,1,1
BRDA:16,5,0,0
BRDA:16,5,1,1
BRDA:21,6,0,1
BRDA:21,6,1,1
BRF:14
BRH:13
end_of_record
TN:
SF:middleware/validateVolunteerHistory.js
FN:1,(anonymous_0)
FNF:1
FNH:1
FNDA:3,(anonymous_0)
DA:1,2
DA:2,3
DA:4,3
DA:5,1
DA:8,2
DA:9,0
DA:12,2
DA:15,2
LF:8
LH:7
BRDA:4,0,0,1
BRDA:4,0,1,2
BRDA:4,1,0,3
BRDA:4,1,1,3
BRDA:4,1,2,2
BRDA:4,1,3,2
BRDA:4,1,4,2
BRDA:4,1,5,2
BRDA:4,1,6,2
BRDA:8,2,0,0
BRDA:8,2,1,2
BRF:11
BRH:10
end_of_record
TN:
SF:routes/adminProfile.js
FNF:0
FNH:0
DA:1,2
DA:2,2
DA:3,2
DA:5,2
DA:7,2
DA:9,2
DA:11,2
LF:7
LH:7
BRF:0
BRH:0
end_of_record
TN:
SF:routes/volunteerHistory.js
FNF:0
FNH:0
DA:1,2
DA:2,2
DA:3,2
DA:5,2
DA:8,2
DA:11,2
DA:14,2
DA:17,2
DA:20,2
DA:22,2
LF:10
LH:10
BRF:0
BRH:0
end_of_record
