TN:
SF:db.js
FN:22,connectDB
FNF:1
FNH:1
FNDA:33,connectDB
DA:1,6
DA:2,6
DA:4,6
DA:5,6
DA:7,6
DA:9,6
DA:10,0
DA:11,0
DA:14,6
DA:23,33
DA:24,33
DA:25,18
DA:26,18
DA:28,0
DA:29,0
DA:30,0
DA:34,6
LF:17
LH:12
BRDA:9,0,0,0
BRDA:9,0,1,6
BRF:2
BRH:1
end_of_record
TN:
SF:server.js
FN:29,(anonymous_0)
FNF:1
FNH:0
FNDA:0,(anonymous_0)
DA:1,7
DA:2,7
DA:3,7
DA:4,7
DA:5,7
DA:6,7
DA:7,7
DA:8,7
DA:9,7
DA:10,7
DA:11,7
DA:14,7
DA:16,7
DA:18,7
DA:19,7
DA:20,7
DA:21,7
DA:22,7
DA:23,7
DA:24,7
DA:26,7
DA:28,7
DA:29,0
DA:32,7
LF:24
LH:23
BRDA:26,0,0,7
BRDA:26,0,1,0
BRDA:28,1,0,0
BRDA:28,1,1,7
BRF:4
BRH:2
end_of_record
TN:
SF:controllers/adminProfile.js
FN:5,(anonymous_0)
FN:7,(anonymous_1)
FN:24,(anonymous_2)
FNF:3
FNH:3
FNDA:4,(anonymous_0)
FNDA:1,(anonymous_1)
FNDA:1,(anonymous_2)
DA:1,7
DA:2,7
DA:5,7
DA:7,7
DA:8,1
DA:9,1
DA:10,1
DA:12,1
DA:14,1
DA:16,0
DA:17,0
DA:24,7
DA:25,1
DA:26,1
DA:28,1
DA:29,1
DA:31,1
DA:33,1
DA:34,0
DA:37,1
DA:49,1
DA:51,1
DA:53,0
DA:54,0
DA:60,7
LF:25
LH:20
BRDA:9,0,0,1
BRDA:9,0,1,1
BRDA:26,1,0,1
BRDA:26,1,1,1
BRDA:33,2,0,0
BRDA:33,2,1,1
BRDA:39,3,0,1
BRDA:39,3,1,0
BRDA:40,4,0,1
BRDA:40,4,1,0
BRDA:41,5,0,1
BRDA:41,5,1,0
BRDA:42,6,0,1
BRDA:42,6,1,0
BRDA:43,7,0,1
BRDA:43,7,1,0
BRDA:45,8,0,1
BRDA:45,8,1,1
BRDA:45,8,2,1
BRDA:45,8,3,1
BRDA:45,8,4,1
BRF:21
BRH:15
end_of_record
TN:
SF:controllers/authController.js
FN:7,(anonymous_0)
FN:10,(anonymous_1)
FN:14,(anonymous_2)
FN:19,(anonymous_3)
FN:24,(anonymous_4)
FN:111,(anonymous_5)
FNF:6
FNH:5
FNDA:4,(anonymous_0)
FNDA:0,(anonymous_1)
FNDA:7,(anonymous_2)
FNDA:6,(anonymous_3)
FNDA:9,(anonymous_4)
FNDA:7,(anonymous_5)
DA:1,7
DA:2,7
DA:6,7
DA:8,4
DA:11,0
DA:14,7
DA:15,7
DA:16,7
DA:19,7
DA:20,6
DA:21,6
DA:24,7
DA:25,9
DA:27,9
DA:28,9
DA:29,2
DA:32,7
DA:33,1
DA:36,6
DA:37,1
DA:43,5
DA:44,1
DA:48,4
DA:49,4
DA:51,4
DA:52,2
DA:56,2
DA:61,2
DA:62,1
DA:74,1
DA:98,2
DA:100,2
DA:106,0
DA:107,0
DA:111,7
DA:112,7
DA:114,7
DA:115,7
DA:116,3
DA:120,4
DA:121,4
DA:123,4
DA:124,2
DA:128,2
DA:130,2
DA:131,0
DA:136,2
DA:138,2
DA:145,0
DA:146,0
DA:150,7
LF:51
LH:45
BRDA:28,0,0,2
BRDA:28,0,1,7
BRDA:28,1,0,9
BRDA:28,1,1,9
BRDA:28,1,2,8
BRDA:32,2,0,1
BRDA:32,2,1,6
BRDA:36,3,0,1
BRDA:36,3,1,5
BRDA:43,4,0,1
BRDA:43,4,1,4
BRDA:51,5,0,2
BRDA:51,5,1,2
BRDA:61,6,0,1
BRDA:61,6,1,1
BRDA:103,7,0,2
BRDA:103,7,1,0
BRDA:115,8,0,3
BRDA:115,8,1,4
BRDA:115,9,0,7
BRDA:115,9,1,5
BRDA:123,10,0,2
BRDA:123,10,1,2
BRDA:130,11,0,0
BRDA:130,11,1,2
BRDA:136,12,0,1
BRDA:136,12,1,1
BRF:27
BRH:25
end_of_record
TN:
SF:controllers/eventsController.js
FN:5,(anonymous_0)
FN:8,(anonymous_1)
FN:19,(anonymous_2)
FN:50,(anonymous_3)
FN:84,(anonymous_4)
FN:88,(anonymous_5)
FN:96,(anonymous_6)
FN:100,(anonymous_7)
FN:101,(anonymous_8)
FN:112,(anonymous_9)
FN:122,(anonymous_10)
FN:123,(anonymous_11)
FN:135,(anonymous_12)
FN:140,(anonymous_13)
FN:151,(anonymous_14)
FN:152,(anonymous_15)
FN:174,(anonymous_16)
FN:200,(anonymous_17)
FN:227,(anonymous_18)
FNF:19
FNH:6
FNDA:4,(anonymous_0)
FNDA:1,(anonymous_1)
FNDA:4,(anonymous_2)
FNDA:3,(anonymous_3)
FNDA:0,(anonymous_4)
FNDA:0,(anonymous_5)
FNDA:1,(anonymous_6)
FNDA:0,(anonymous_7)
FNDA:0,(anonymous_8)
FNDA:0,(anonymous_9)
FNDA:0,(anonymous_10)
FNDA:0,(anonymous_11)
FNDA:0,(anonymous_12)
FNDA:0,(anonymous_13)
FNDA:0,(anonymous_14)
FNDA:0,(anonymous_15)
FNDA:1,(anonymous_16)
FNDA:0,(anonymous_17)
FNDA:0,(anonymous_18)
DA:1,7
DA:2,7
DA:5,7
DA:8,7
DA:9,1
DA:10,1
DA:11,0
DA:12,0
DA:14,1
DA:19,7
DA:20,4
DA:22,4
DA:23,4
DA:26,0
DA:39,0
DA:40,0
DA:41,0
DA:42,0
DA:44,0
DA:50,7
DA:51,3
DA:53,3
DA:54,3
DA:58,0
DA:59,0
DA:61,0
DA:66,0
DA:72,0
DA:73,0
DA:76,0
DA:78,3
DA:79,3
DA:84,7
DA:85,0
DA:86,0
DA:87,0
DA:88,0
DA:89,0
DA:91,0
DA:96,7
DA:97,1
DA:98,1
DA:99,0
DA:100,0
DA:101,0
DA:106,0
DA:108,1
DA:112,7
DA:113,0
DA:114,0
DA:115,0
DA:118,0
DA:121,0
DA:122,0
DA:123,0
DA:124,0
DA:125,0
DA:131,0
DA:134,0
DA:135,0
DA:139,0
DA:140,0
DA:141,0
DA:150,0
DA:151,0
DA:152,0
DA:153,0
DA:154,0
DA:165,0
DA:167,0
DA:168,0
DA:174,7
DA:175,1
DA:177,1
DA:178,1
DA:181,0
DA:182,0
DA:189,0
DA:194,0
DA:196,1
DA:197,1
DA:200,7
DA:201,0
DA:203,0
DA:206,0
DA:207,0
DA:209,0
DA:212,0
DA:213,0
DA:216,0
DA:217,0
DA:218,0
DA:222,0
DA:227,0
DA:232,0
DA:234,0
DA:235,0
DA:239,7
LF:98
LH:31
BRDA:22,0,0,4
BRDA:22,0,1,0
BRDA:22,1,0,4
BRDA:22,1,1,4
BRDA:22,1,2,3
BRDA:22,1,3,3
BRDA:22,1,4,3
BRDA:22,1,5,0
BRDA:22,1,6,0
BRDA:22,1,7,0
BRDA:35,2,0,0
BRDA:35,2,1,0
BRDA:72,3,0,0
BRDA:72,3,1,0
BRDA:123,4,0,0
BRDA:123,4,1,0
BRDA:124,5,0,0
BRDA:124,5,1,0
BRDA:152,6,0,0
BRDA:152,6,1,0
BRDA:153,7,0,0
BRDA:153,7,1,0
BRDA:181,8,0,0
BRDA:181,8,1,0
BRDA:217,9,0,0
BRDA:217,9,1,0
BRF:26
BRH:6
end_of_record
TN:
SF:controllers/notifications.js
FN:5,(anonymous_0)
FN:7,(anonymous_1)
FN:40,(anonymous_2)
FN:65,(anonymous_3)
FNF:4
FNH:4
FNDA:4,(anonymous_0)
FNDA:3,(anonymous_1)
FNDA:1,(anonymous_2)
FNDA:1,(anonymous_3)
DA:1,7
DA:2,7
DA:5,7
DA:7,7
DA:8,3
DA:9,3
DA:11,3
DA:13,3
DA:14,0
DA:17,3
DA:18,0
DA:21,3
DA:22,1
DA:25,3
DA:26,1
DA:29,3
DA:30,0
DA:32,0
DA:34,3
DA:35,3
DA:40,7
DA:41,1
DA:42,1
DA:44,1
DA:46,0
DA:51,0
DA:52,0
DA:55,0
DA:57,0
DA:59,1
DA:60,1
DA:65,7
DA:66,1
DA:67,1
DA:69,1
DA:71,1
DA:72,1
DA:75,0
DA:76,0
DA:79,0
DA:80,0
DA:83,0
DA:85,0
DA:90,0
DA:95,0
DA:96,0
DA:101,7
LF:47
LH:29
BRDA:13,0,0,0
BRDA:13,0,1,3
BRDA:17,1,0,0
BRDA:17,1,1,3
BRDA:21,2,0,1
BRDA:21,2,1,2
BRDA:21,3,0,3
BRDA:21,3,1,1
BRDA:25,4,0,1
BRDA:25,4,1,2
BRDA:51,5,0,0
BRDA:51,5,1,0
BRDA:71,6,0,1
BRDA:71,6,1,0
BRDA:71,7,0,1
BRDA:71,7,1,1
BRDA:75,8,0,0
BRDA:75,8,1,0
BRDA:79,9,0,0
BRDA:79,9,1,0
BRF:20
BRH:11
end_of_record
TN:
SF:controllers/volunteerAssignments.js
FN:4,(anonymous_0)
FNF:1
FNH:1
FNDA:11,(anonymous_0)
DA:1,7
DA:2,7
DA:4,7
DA:5,11
DA:6,11
DA:8,11
DA:10,11
DA:11,11
DA:12,10
DA:14,1
DA:15,1
DA:18,10
DA:19,9
DA:20,9
DA:22,9
DA:23,9
DA:24,1
DA:27,8
DA:28,1
DA:32,7
DA:38,7
DA:41,7
DA:42,3
DA:43,3
DA:45,3
DA:46,1
DA:51,6
DA:52,1
DA:56,5
DA:61,4
DA:63,4
DA:71,2
DA:72,2
DA:76,7
LF:34
LH:34
BRDA:23,0,0,1
BRDA:23,0,1,8
BRDA:27,1,0,1
BRDA:27,1,1,7
BRDA:27,2,0,8
BRDA:27,2,1,7
BRDA:27,2,2,7
BRDA:41,3,0,3
BRDA:41,3,1,4
BRDA:45,4,0,1
BRDA:45,4,1,2
BRDA:51,5,0,1
BRDA:51,5,1,5
BRDA:51,6,0,6
BRDA:51,6,1,5
BRDA:64,7,0,2
BRDA:64,7,1,2
BRF:17
BRH:17
end_of_record
TN:
SF:controllers/volunteerController.js
FN:5,(anonymous_0)
FN:7,(anonymous_1)
FN:22,(anonymous_2)
FN:37,(anonymous_3)
FN:65,(anonymous_4)
FNF:5
FNH:5
FNDA:4,(anonymous_0)
FNDA:1,(anonymous_1)
FNDA:1,(anonymous_2)
FNDA:3,(anonymous_3)
FNDA:1,(anonymous_4)
DA:1,7
DA:2,7
DA:5,7
DA:7,7
DA:8,1
DA:10,1
DA:11,1
DA:14,1
DA:22,1
DA:27,1
DA:29,0
DA:30,0
DA:37,7
DA:38,3
DA:40,3
DA:43,3
DA:44,3
DA:46,0
DA:49,3
DA:50,3
DA:52,3
DA:58,3
DA:59,2
DA:65,1
DA:70,1
DA:72,0
DA:73,0
DA:80,7
LF:28
LH:23
BRDA:58,0,0,2
BRDA:58,0,1,1
BRF:2
BRH:2
end_of_record
TN:
SF:controllers/volunteerProfile.js
FN:5,(anonymous_0)
FN:30,(anonymous_1)
FN:57,(anonymous_2)
FNF:3
FNH:0
FNDA:0,(anonymous_0)
FNDA:0,(anonymous_1)
FNDA:0,(anonymous_2)
DA:1,7
DA:2,7
DA:5,7
DA:6,0
DA:7,0
DA:10,0
DA:11,0
DA:12,0
DA:15,0
DA:18,0
DA:19,0
DA:22,0
DA:24,0
DA:25,0
DA:30,7
DA:31,0
DA:32,0
DA:35,0
DA:36,0
DA:37,0
DA:40,0
DA:41,0
DA:44,0
DA:57,0
DA:59,0
DA:62,0
DA:68,0
DA:69,0
DA:72,0
DA:74,0
DA:75,0
DA:80,7
DA:86,7
LF:33
LH:6
BRDA:18,0,0,0
BRDA:18,0,1,0
BRDA:68,1,0,0
BRDA:68,1,1,0
BRF:4
BRH:0
end_of_record
TN:
SF:middleware/validateAdminProfile.js
FN:1,(anonymous_0)
FNF:1
FNH:1
FNDA:2,(anonymous_0)
DA:1,7
DA:2,2
DA:3,2
DA:5,2
DA:6,1
DA:9,2
DA:10,2
DA:11,1
DA:14,2
DA:15,1
DA:16,1
DA:17,0
DA:21,2
DA:22,1
DA:25,1
DA:28,7
LF:16
LH:15
BRDA:5,0,0,1
BRDA:5,0,1,1
BRDA:5,1,0,2
BRDA:5,1,1,1
BRDA:10,2,0,1
BRDA:10,2,1,1
BRDA:10,3,0,2
BRDA:10,3,1,2
BRDA:14,4,0,1
BRDA:14,4,1,1
BRDA:16,5,0,0
BRDA:16,5,1,1
BRDA:21,6,0,1
BRDA:21,6,1,1
BRF:14
BRH:13
end_of_record
TN:
SF:middleware/validateNotifications.js
FN:1,(anonymous_0)
FNF:1
FNH:1
FNDA:1,(anonymous_0)
DA:1,7
DA:2,1
DA:4,1
DA:5,0
DA:8,1
DA:11,7
LF:6
LH:5
BRDA:4,0,0,0
BRDA:4,0,1,1
BRF:2
BRH:1
end_of_record
TN:
SF:middleware/validateVolunteerProfile.js
FN:1,(anonymous_0)
FNF:1
FNH:0
FNDA:0,(anonymous_0)
DA:1,7
DA:16,0
DA:18,0
DA:21,0
DA:22,0
DA:26,0
DA:27,0
DA:28,0
DA:29,0
DA:30,0
DA:35,0
DA:36,0
DA:37,0
DA:41,0
DA:42,0
DA:43,0
DA:47,0
DA:48,0
DA:49,0
DA:51,0
DA:52,0
DA:56,0
DA:57,0
DA:58,0
DA:60,0
DA:61,0
DA:65,0
DA:66,0
DA:69,0
DA:70,0
DA:73,0
DA:76,7
LF:32
LH:2
BRDA:21,0,0,0
BRDA:21,0,1,0
BRDA:21,1,0,0
BRDA:21,1,1,0
BRDA:21,1,2,0
BRDA:21,1,3,0
BRDA:21,1,4,0
BRDA:21,1,5,0
BRDA:26,2,0,0
BRDA:26,2,1,0
BRDA:29,3,0,0
BRDA:29,3,1,0
BRDA:36,4,0,0
BRDA:36,4,1,0
BRDA:36,5,0,0
BRDA:36,5,1,0
BRDA:42,6,0,0
BRDA:42,6,1,0
BRDA:42,7,0,0
BRDA:42,7,1,0
BRDA:48,8,0,0
BRDA:48,8,1,0
BRDA:51,9,0,0
BRDA:51,9,1,0
BRDA:51,10,0,0
BRDA:51,10,1,0
BRDA:57,11,0,0
BRDA:57,11,1,0
BRDA:60,12,0,0
BRDA:60,12,1,0
BRDA:60,13,0,0
BRDA:60,13,1,0
BRDA:65,14,0,0
BRDA:65,14,1,0
BRDA:65,15,0,0
BRDA:65,15,1,0
BRDA:65,15,2,0
BRDA:65,15,3,0
BRDA:65,15,4,0
BRDA:65,15,5,0
BRDA:65,15,6,0
BRDA:65,15,7,0
BRDA:69,16,0,0
BRDA:69,16,1,0
BRF:44
BRH:0
end_of_record
TN:
SF:routes/adminProfile.js
FNF:0
FNH:0
DA:1,7
DA:2,7
DA:3,7
DA:5,7
DA:7,7
DA:9,7
DA:11,7
LF:7
LH:7
BRF:0
BRH:0
end_of_record
TN:
SF:routes/authRoutes.js
FN:6,(anonymous_0)
FN:12,(anonymous_1)
FNF:2
FNH:2
FNDA:16,(anonymous_0)
FNDA:9,(anonymous_1)
DA:1,7
DA:2,7
DA:4,7
DA:6,7
DA:8,16
DA:12,7
DA:14,9
DA:21,7
DA:23,7
LF:9
LH:9
BRF:0
BRH:0
end_of_record
TN:
SF:routes/eventsRoutes.js
FNF:0
FNH:0
DA:1,7
DA:2,7
DA:12,7
DA:14,7
DA:16,7
DA:17,7
DA:18,7
DA:20,7
DA:21,7
DA:22,7
DA:23,7
DA:24,7
DA:25,7
DA:27,7
LF:14
LH:14
BRF:0
BRH:0
end_of_record
TN:
SF:routes/notifications.js
FNF:0
FNH:0
DA:1,7
DA:6,7
DA:7,7
DA:9,7
DA:11,7
DA:13,7
DA:15,7
DA:17,7
LF:8
LH:8
BRF:0
BRH:0
end_of_record
TN:
SF:routes/volunteerAssignmentsRoutes.js
FNF:0
FNH:0
DA:1,7
DA:2,7
DA:3,7
DA:5,7
DA:6,7
LF:5
LH:5
BRF:0
BRH:0
end_of_record
TN:
SF:routes/volunteerProfile.js
FNF:0
FNH:0
DA:1,7
DA:2,7
DA:3,7
DA:4,7
DA:7,7
DA:10,7
DA:12,7
LF:7
LH:7
BRF:0
BRH:0
end_of_record
TN:
SF:routes/volunteerRoutes.js
FNF:0
FNH:0
DA:1,7
DA:2,7
DA:6,7
DA:9,7
DA:10,7
DA:12,7
LF:6
LH:6
BRF:0
BRH:0
end_of_record
